0ef8f52dcf9549aaefed5198f432c149üJuanJo CiarlanteüSenior Site Reliability Engineer, Bitnami
0ef8f52dcf9549aaefed5198f432c149üSebastien GoasguenüKubernetes Lead, Bitnami
ca87db265de821abbccff73b5a7e5601üJorge Salamero SanzüTechnical Marketing Manager, Sysdig
3d0b8ad89b565e9ae7d8eba2ac3ed8a7üBen HindmanüMesosphere Founder - Apache Mesos Co-Creator, Mesosphere
3d0b8ad89b565e9ae7d8eba2ac3ed8a7üClint KitsonüTechnical Director, {code}
6c6604d7ecd6aab63f3a2997542a5f94üSarah ZelechoskiüVP of Engineering, ReactiveOps
7371163e4699b170abe10cc6809bdbb9üAllan SchieboldüSolution Architect, Codefresh
2101e148eb9f661146c468424313609füNikhita RaghunathüSoftware Engineer, Loodse
47ba7a25a36c49021de853b00fb435a6üBalachandran ChandrasekaranüSr. Advisor, Product Marketing, Dell EMC
1b66d1ad6a1a65d7045e88d255429142üHitoshi MitakeüResearch Engineer, NTT Labs.
c04ccd1bd74763752b00c3630c15459düXin MaüPrincipal Cloud Engineer, eBay
6fe4fa51f55b400d5d317881896321adüYeni Capote DiazüDevOps Engineer, Samsung SDS
40f339bdf6c0a800dd2c291f37f0cc36üJonathan RippyüMTS, NetApp
7ec93177411b7d40800da9b4ad5ac6f4üJordan LiggittüPrincipal Software Engineer, Red Hat
991113c7bcb16d621c434e4a4e160c20üAbhay SaxenaüPrincipal Software Engineer, Datawire
4d1065d3fa20b09f4b9a723f9c997424üAnubhav Aaeronü
4d1065d3fa20b09f4b9a723f9c997424üDon SteffyüSoftware Engineer, Oath
62bf71446e221ab3b3ed949e9cc63276üChris KühlüCEO, Kinvolk
83407b0389eea197a019208a89c44376üMicha "mies" Hernandez van LeuffenüCEO, Wercker
b24534a8a6741e137df8e57ff3b1c69füPiotr SkamruküSenior Kubernetes Engineer, Mirantis
470f99c62556a015be8dcb92730536caüNathan MurthyüStaff Software Engineer, Tesla
fb56ddf2ae5d2fbf488684368bd2e918üMatt RickardüSoftware Engineer, Google
2af81e39a1430180e1c5448fc9f70646üSunil JamesüScytale, Inc.
77e744529cb63fce8e4409633efbef09üWilliam MorganüCEO, Buoyant
77e744529cb63fce8e4409633efbef09üKris NovaüIndependent
77e744529cb63fce8e4409633efbef09üBorys PierovüDevOps Tech Lead, NCBI
ead89be5ccecaafe62e116edb417e39büDan KohnüExecutive Director, Cloud Native Computing Foundation
333dac5477c61188104812c86c9de592üMichelle NooraliüSoftware Engineer, Microsoft
333dac5477c61188104812c86c9de592üOliver GouldüCTO, Buoyant
333dac5477c61188104812c86c9de592üEduardo SilvaüPrincipal Engineer, Arm / Treasure Data
333dac5477c61188104812c86c9de592üTom WilkieüVP Product, Grafana Labs
e455a49c01bf5d24e848b9052848fd8düImad SousouüCorporate Vice President & General Manager, System Software Products, Intel Corporation
263f6d7f4c83b37164dba079cc0b3962üDianne MarshüDirector of Engineering, Netflix
eff426a4b37196f0d5f309dd59c72cb6üAdrianüVP Cloud Architecture Strategy, AWS
8013ec8652fa7f1d2ea353bfe9de83ddüDan KohnüExecutive Director, Cloud Native Computing Foundation
8013ec8652fa7f1d2ea353bfe9de83ddüJon MittelhauserüVP of Product Development (OCI Developer Services), Oracle
8013ec8652fa7f1d2ea353bfe9de83ddüGabe MonroyüPartner Program Manager, Microsoft
8013ec8652fa7f1d2ea353bfe9de83ddüTodd MooreüVP, Open Technology, IBM
8013ec8652fa7f1d2ea353bfe9de83ddüAparna SinhaüGroup Product Manager for Kubernetes, Google
8013ec8652fa7f1d2ea353bfe9de83ddüHong TangüChief Architect, Alibaba Cloud
98120ef5ae522e47d9818e0edb1795b8üJeffrey BoreküWW Program Director, IBM
98120ef5ae522e47d9818e0edb1795b8üStephen WalliüPrincipal Program Mgr., Microsoft
42e4d26dddfb880b5363c4c9c0b44a61üCarlos SanchezüPrincipal Software Engineer, CloudBees
4231994746e7b937ac23d347d1d8f794üAbby KearnsüExecutive Director, Cloud Foundry Foundation
257ea4555aded80fd73dfb69faae4c03üNishant SahayüSenior Architect, Wipro Limited
9ab03e773c0d867fb6fd3ef51a69659düTim MackeyüSenior Technical Evangelist, Black Duck by Synopsys
cbebf240170b7ab50ec88c21fa7ad498üJason McGeeüIBM Fellow, IBM
cbebf240170b7ab50ec88c21fa7ad498üMatt KleinüSoftware Engineer, Lyft
cbebf240170b7ab50ec88c21fa7ad498üSven MawsonüSenior Staff Software Engineer, Google
cbebf240170b7ab50ec88c21fa7ad498üWilliam MorganüCEO, Buoyant
cbebf240170b7ab50ec88c21fa7ad498üChristian PostaüChief Architect, Cloud Application Development, Red Hat
cbebf240170b7ab50ec88c21fa7ad498üLin SunüSenior Technical Staff Member, IBM
6603e93bc9c7952158f84a43d0f81348üFrederic BranczyküSoftware Engineer, CoreOS
6603e93bc9c7952158f84a43d0f81348üBob CottonüCofounder, FreshTracks.io
6603e93bc9c7952158f84a43d0f81348üGoutham VeeramanchaneniüStudent, IIT Hyderabad
6603e93bc9c7952158f84a43d0f81348üTom WilkieüVP Product, Grafana Labs
a7d739a1e5cb2b3f6e2be4f26076cb57üDavid LawrenceüSenior Security Engineer, Docker
a7d739a1e5cb2b3f6e2be4f26076cb57üAshwini Orugantiü
fbb055ccf851e1bc31498a572a587285üMandy WhaleyüDirector. SOFTWARE DEVELOPMENT, Cisco
b93e7b0da36b6dbdff622dd1923c934eüBob WiseüChief Cloud Technologist, Samsung SDS
fe382a536014b2314a8c3b87ba4f47d5üAaron CrickenbergerüSenior Test Engineer 高级测试工程师, Google
45ef1f8f6ee592194a5ee3a0bd736d6aüPhil EstesüDistinguished Engineer & CTO, Container Architecture Strategy, IBM Cloud
e077f2930020effb5e49083f1c0171f7üWilliam DennissüProduct Manager, Google
e077f2930020effb5e49083f1c0171f7üDan GarfieldüChief Technology Evangelist, Codefresh
dde5a2505e67b913be3f857fa278041aüMya PitzeruseüSenior Software Engineer, Indeed.com
451cfada7bfc97ba9444e87e3c4c5ef5üShriram RajagopalanüEngineer, Tetrate
451cfada7bfc97ba9444e87e3c4c5ef5üLouis RyanüPrincipal Software Engineer, Google
5327671d888b01a03f19c9d78f09790cüCarlos Pérez-AradrosüSoftware Engineer, Elastic
c2e97ba96d48024fc44da39846e8528eüVinu CharanyaüSenior Software Engineer, Twitter
ee665195428e05c597d459e043f89102üJohn MorelloüCTO, Twistlock
b437f058e92d955b0b5f983587fc6813üMicheal BenedictüTechnical Product Manager, Pinterest
faf0b836a828e9bbcf5fa749827b7ab3üChristian BellüSoftware Engineer, Google
fa122ce12ba2719e05b58fc58e77beabüSamuel OrtizüPrincipal Software Engineer, Intel
fa122ce12ba2719e05b58fc58e77beabüXu WangüSenior Staff Engineer, Ant Financial
b397277a7f5f1b6bdb8d71027be979f6üGreg LyonsüSoftware Engineer, Box
8e5382fc0452e7c23691ac97c097ce92üBen HallüFounder, Katacoda
e385c56243a4e1626da2f69fd4af4796üYuri ShkuroüStaff Engineer, Uber Technologies
c789f16e5b92ea72df235054dff1e5e8üMatt KleinüSoftware Engineer, Lyft
776bd8551fdda807ee0fc392a49ad77aüEvan GilmanüEngineer, Scytale
dcbfc51b1b4c9f81afed4d9d3fe5746füBlake MizeranyüFounder / CTO, Backplane
854e48d547ec0db9a068b6d57c0c9c81üWilliam DennissüProduct Manager, Google
0843982cf4b6109090f6a2f1f450aac9üApril NassiüCommunity Manager, Google
bdc34b4e75c63bd29ac516d5605645b5üEduardo SilvaüPrincipal Engineer, Arm / Treasure Data
8d0079363bff4cfdf6f93fac1df4d3f1üAlban CrequyüCTO 首席技术官, Kinvolk
0406fde643ed68be700c5ffaaed060faüDmytro DyachuküCo-founder, Chief Research Officer, Pax Automa
e3c9fb9b2abc41f8591c19653692cf51üGreg CastleüKubernetes/GKE Security Tech Lead, Google
e3c9fb9b2abc41f8591c19653692cf51üClayton ColemanüArchitect, Kubernetes and OpenShift, Red Hat
1186d1da4700da2db54ab668cb806f95üPatrick ChanezonüChief Developer Advocate, Docker
8194aa2d21cd034dd769e2280c0def26üBrian RedmondüCloud Architect, Microsoft
906704c5c7acfc98edba38968acc3353üYUN QINüSoftware Engineer, Nirmata
3e4f0e086804812bea9be1c4125a9fb3üTom WilkieüVP Product, Grafana Labs
e61473f14f82797b4107e646784f36e6üLiz RiceüTechnology Evangelist, Aqua Security
e61473f14f82797b4107e646784f36e6üGareth RushgroveüDirector of Product Management, Snyk
0d4f0a83629e0d236b14b7df75a8f28aüJeyappragash Jeyakeerthiütetrate.io
0d4f0a83629e0d236b14b7df75a8f28aüKamil Pawlowskiü
b15619c46b55699c2fd1f04b9a39b181üA.J. HunyadyüProduct Managemenet, NGINX
ba96075182de2cf5e01384c7ac90faf4üPhil Lombardiü
ba96075182de2cf5e01384c7ac90faf4üRafael SchlomingüCo-founder and Chief Architect, Datawire
738064fe1993d2489d4defc062a3e63cüRobert BaileyüSoftware Engineer, Google
738064fe1993d2489d4defc062a3e63cüLucas KäldströmüCNCF Ambassador, Independent
b54f102f5823937da6a0c01f73600fa4üMrunal PatelüPrincipal Software Engineer, Red Hat, Inc.
fc28247a00f4a19e1bdc043981bf5da1üSean KortenüDirector of Engineering, Kenzan
dd4a7d9a0fed1e59a0621f32ae22bc20üEric AndersonüStaff Software Engineer, Google
ff6c4c12c50ab880ad529fde6a39a57büManish MehtaüSenior Security Software Engineer, Netflix
ff6c4c12c50ab880ad529fde6a39a57büTorin SandallüSoftware Engineer, Styra
868f9740cf0cbb4c23bc2757557c6977üMasahiro NakagawaüPrincipal Engineer, ARM Treasure Data
252f30a6314366444b3d3586afd6fe07üEben FreemanüEngineer, Honeycomb.io
8432f0ed384616af6d14947f2cac900füStephen WongüSenior Architect, Huawei Technologies, Inc.
ff1ae3e278f892d3ae5e5d2171dded0cüJeremy EderüSenior Principal Software Engineer, Performance Engineering, Red Hat, Inc.
27a7854af19d04747a394873ded2791düAaron CrickenbergerüSenior Test Engineer 高级测试工程师, Google
e813e9afa4680160a4b59fd6665b5684üJohn BelamaricüDistinguished Architect, Infoblox
c74845697f4bf6d9bdac3969a8fe2408üMatt KleinüSoftware Engineer, Lyft
fbdda41db6f96411eaf1274d095ae791üJosef AdersbergerüCTO, QAware
31cb52b2ab190b1abf157b9f585afa99üJaana B. DoganüEngineer, Google
31cb52b2ab190b1abf157b9f585afa99üMorgan McCleanüProduct Manager, Google
31cb52b2ab190b1abf157b9f585afa99üApril NassiüCommunity Manager, Google
69fca48bd912aaf828ea00414f867e8eüMichael DucyüDirector of Community & Evangelism, Sysdig
8ccac3b6c94940936b22531bee36334büKarthik GajjalaüDirector of Engineering, eBay
d5ee57487b43d4013a3a63f56b14cf36üIlya DmitrichenkoüDX Engineer, Weaveworks
e6d9c52f4154f0a6b501a636a6973442üEtienne CoutaudüDevOps Engineer, OCTO Technology
e6d9c52f4154f0a6b501a636a6973442üGuillaume Lefevreü
e40488d82bdc43570decaac2e7635c47üEduardo SilvaüPrincipal Engineer, Arm / Treasure Data
f4c004fb3425daae28396f7174137f78üBich LeüChief Architect, Platform9
49f491d091a258ae4ae98f29e8fc49c2üWilliam MorganüCEO, Buoyant
7b5707ebde900ef2ff920cf478e2be7düBen SigelmanüCEO and Co-founder, LightStep
bc378d6db82e38865a22a723f1e0d837üBrendan BurnsüSoftware Engineer, Microsoft
bd5c174da39c3b3cddf22a563fd2f58büAlexis RichardsonüFounder & CEO, Weaveworks
587b45de236a606eff1493cf6b86bedfüWendy DembowskiüStaff Software Engineer, Google
587b45de236a606eff1493cf6b86bedfüStephen ElliottüProduct Manager, Google
587b45de236a606eff1493cf6b86bedfüGraeme HayüManaging Director, Global Head of Enterprise and Cloud Engineering, Morgan Stanley
72e5f37c6a127786bbe7a9a82dac8b80üIan Skerrettü
27edb57505ceaadb69de2d64ba2ab11büSteven BowerüData and Analytics Infrastructure Lead, Bloomberg
686a9f4a575200c9ae8283f080496b27üRohit AgarwallaüSenior Technical Leader, Cisco
686a9f4a575200c9ae8283f080496b27üAllan NaimüSenior Manager, Google
d4f5e4ad2b7219a00e61dd2d085f8892üTaylor CarpenterüPartner, Vulk Coop
d4f5e4ad2b7219a00e61dd2d085f8892üHippie HackerüSoftware Engineer, ii.coop
d4f5e4ad2b7219a00e61dd2d085f8892üDan KohnüExecutive Director, Cloud Native Computing Foundation
d4f5e4ad2b7219a00e61dd2d085f8892üDenver WilliamsüProject Co-Lead, cncf.ci, Vulk Coop & CNCF
2db48571db9dfdebd5e0fdf8baa83041üDavid AronchicküProgram Manager, Microsoft
df8b0549efce17c7d664c64166abc1afüTasha DrewüProduct Manager, VMware
df8b0549efce17c7d664c64166abc1afüGadi NaorüCo-founder & CTO, Alcide
46a5784376a922dfed9d58d2a6e37f94üKelsey HightowerüStaff Developer Advocate, Google
5de218fcac15487278d6a2fd6fb293a3üChen GoldbergüEngineering Director, Google
5de218fcac15487278d6a2fd6fb293a3üAnthony YehüSoftware Engineer, Google
48db4d07589eef9d6add5391f56d64b4üClayton ColemanüArchitect, Kubernetes and OpenShift, Red Hat
e67587de9cb55d2502279c900d8b833eüIllya ChekryginüSr Staff Engineer, HBO
e67587de9cb55d2502279c900d8b833eüZihao YuüSr Staff Engineer, HBO
84c4414399185237e6f8afd36b1fd4a3üSpike CurtisüSenior Software Engineer, Tigera
1ed09687660bcfa608cedf436efa5c86üCraig McLuckieüCEO, Heptio
7e7adefae35cd7fae5d8464f5bda8fb2üJoe BedaüCTO, Heptio
7b50e6c43bd569de6504dd5e7ebb980düPavol LoffayüSoftware Engineer, Red Hat
7b50e6c43bd569de6504dd5e7ebb980düYuri ShkuroüStaff Engineer, Uber Technologies
ca51afbf8dd2afda4f549329fb5ad0e3üWilliam MorganüCEO, Buoyant
72d7d77fb7bce82fdf52705d4f6c29ccüYe LuüDevOPS, Bytedance
57ee20397800ba379ac0bbd30632025füTravis NielsenüPrincipal Software Engineer, Quantum Corp
9632a93a97f9ab577deb23724cee7b89üRobert BaileyüSoftware Engineer, Google
9632a93a97f9ab577deb23724cee7b89üKris NovaüIndependent
a7ecbd91caa3c3bea4477a949d9fa843üBrian AkinsüPrincipal Engineer, MailChimp
ad06bb2e20f7fa34b866dc2004e608dcüCarson AndersonüSr. Systems Admin, DOMO
9667ce082b63eb7f0195450fc279f7efüWilliam DennissüProduct Manager, Google
9667ce082b63eb7f0195450fc279f7efüAlexis RichardsonüFounder & CEO, Weaveworks
784ff1a6528e7d3f2b2a3e815611ae38üPaul CzarkowskiüPrincipal Technologist, Pivotal Software
784ff1a6528e7d3f2b2a3e815611ae38üMajor HaydenüPrincipal Architect, Rackspace
bf37864592d8dd62b0f7eb3cb80f2f57üDoug DavisüSTSM, IBM
bf37864592d8dd62b0f7eb3cb80f2f57üMark PeeküPrincipal Engineer, VMware
500ccc2f40ac852ffe8f7b3cf698fc24üDaniel SmithüStaff Software Engineer, Google
ddf98e611c310504b6e41c824e305852üBrian GrantüPrincipal Engineer, Google
26f1fd809063f500b70c43cf7cfa21e8üJustin CapposüProfessor, New York University
26f1fd809063f500b70c43cf7cfa21e8üDavid LawrenceüSenior Security Engineer, Docker
874ea1691e571524690abc5d3f54c4f7üIdit LevineüCEO, Solo.io
7cd06faf068ab6af52eb2dc9552653b5üMichael MichaelüDirector of PM, VMware
3d2167b834dd3115ebe1afc319f056daüDaniel WhitenacküLead Data Scientist and Advocate, Pachyderm
914414a85265bb2060a2d08cd19412feüTomas SmetanaüEngineering Manager, Red Hat
888f411df7c332d2910fca8178f9ed87üAmy ChenüSystems Software Engineer, VMware
fea064c9e6e8a89d21d36c478e7284faüSimon PearceüSystem Architect, SysEleven
fea064c9e6e8a89d21d36c478e7284faüSebastian ScheeleüCEO, Loodse
c89382b51a730dd39728028c0420c928üDr Tyrone GrandisonüChief Information Officer, Institute for Health Metrics and Evaluation (IHME), University of Washington
b4fc5784f29e881993ebb615bce1f49cüRaffaele Di FazioüSoftware Engineer, Zalando SE
b4fc5784f29e881993ebb615bce1f49cüArun GuptaüPrincipal Open Source Technologist, Amazon Web Services
9154428d207430c7733b8bd7d0bb8ae9üSebastien GoasguenüKubernetes Lead, Bitnami
7ea8f5d732be1693324312217fd4338eüDino Dai ZoviüCTO, Capsule8
47d347f18ef707e7c6921e5c8b71535cüMikolaj PawlikowskiüSoftware Engineer, Bloomberg
2416b0bbd62c7c2d7fad58283010f3d8üRob HirschfeldüCEO, RackN
5c2e2b46242ef93990df09c3b9cf4542üDavid AronchicküProgram Manager, Microsoft
5c2e2b46242ef93990df09c3b9cf4542üVishnu KannanüSoftware Engineer, Google Inc
1f7b424309f27e206bf859d40693389düJames MunnellyüSolutions Engineer, Jetstack.io
31a50d14b9550314e664f42082119acbüTim HockinüPrincipal Software Engineer, Google
31a50d14b9550314e664f42082119acbüMichael RubinüSenior Staff Eningeer & TLM, Google
66de3b87c04d3e54138c010758bf3f48üSteve SlokaüSr. Systems Software Engineer, Heptio
5fa39c9d4c4a72871c06e167e5838f35üNicole HubbardüArchitect, WP Engine
75de697b68d0a9b33152b55bb4746f10üGerard HickeyüPrinciple Systems Engineer, Smartsheet
7b18ba8f232c70ead817153452961394üAlexander BrandüSenior Systems Analyst, Apprenda
bd24193895314021d4367a8cfdfcae23üAlex EllisüFounder, OpenFaaS Ltd
14c2f81584e4fbb504db645a5292bd64üStephen WattüChief Architect, Emerging Technologies, Red Hat
cbc7a46bd34ae6f4738aa791a7c153b4üPavol LoffayüSoftware Engineer, Red Hat
cbc7a46bd34ae6f4738aa791a7c153b4üYuri ShkuroüStaff Engineer, Uber Technologies
43ebdf89846d7f4939810bbaeb5a3229üFabian DeutschüManager, Red Hat
29aad2a67a389f1630026b2406a1958büQuinton Hooleü
29aad2a67a389f1630026b2406a1958büDavid OppenheimerüSoftware Engineer, Google
087f2cb57c336670fa23de4bf4f8c1eeüRyan JarvinenüDeveloper Advocate, Red Hat
0fd6b4babc54d02c1e8354fad63399e1üDaniel SmithüStaff Software Engineer, Google
7e6375fd02730f9641a056c4e4296210üChengyuan LiüSr MTS Software Engineer, eBay
7e6375fd02730f9641a056c4e4296210üXinglang WangüPrinciple MTS 首席工程师, eBay
78a76305d20f0de8fc575db918fd9763üLili CosicüSoftware Developer, Kinvolk
21869a2aaf9f37aff40702e67b7b8cffüArmon DadgarüCTO, HashiCorp
791985fc0d6e71a751a8dc857ca0de14üMarc ChisinevskiüSolution Architect (worldwide), F5 Networks
157eed047be15f6f0ad283dc5c3807c9üRon LipkeüSenior Developer, Platform as a Service, Gannet/USA Today Network
1b370f61c8cb297f7f1651f1fcb043a0üAaron SchlesingerüCloud Developer Advocate, Microsoft
18b8d71cc22b8f4f02d2e72afe2f22edüHarrison HarnischüStaff Software Engineer, ZEIT
20a7a1288ff0bca0bcac60b4f963ef1eüSoam VasaniüSoftware Engineer, Platform9 Systems
af83b6c5d92944cc78f248bb74e89ca8üGuinevere SaengerüSoftware Engineer, GitHub
004da1f58801e745d63e0bb20c00dae7üVic IglesiasüSolutions Architect, Google
56dcfe7ddac7380612cb4ca26524cc10üStephen GordonüPrincipal Product Manager, Red Hat
56dcfe7ddac7380612cb4ca26524cc10üChris HogeüSenior Strategic Program Manager, OpenStack Foundation
ac12fedb67eb4ee0b4823ac7e19c100aüPatrick GalbraithüPrincipal Platform Engineer, Oracle
941e1604d094542ea44daddc42815d46üFrank Basil GrecoüCloud Native Engineer, Northwestern Mutual
75e0a25ca01bd36da8757de0a4711133üKire Filipovskiü
75e0a25ca01bd36da8757de0a4711133üVitaliy ZinchenkoüCloud Architect, Oracle
1f89a675e662af887c3d720aa8abc6acüYuvi PandaüUC Berkeley, Data Science Education Program
cd15322890f51ed854960a164c7f608büAhmet Alp BalkanüDeveloper Advocate, Google
70bfe6e3cb49c438d6799ce30a23e83cüMarc BoorshteinüCTO, Tremolo Security, Inc.
dac67cb1c6f362ef3e6e3c971c3f97fbüKumar GauravüDirector R&D, VMware
dac67cb1c6f362ef3e6e3c971c3f97fbüMageshwaran RajendranüStaff Developer, VMware
1d6bfe496dfda944cabc701d4f8ca6c7üIvan CoughlanüSenior Software Architect, Intel
1d6bfe496dfda944cabc701d4f8ca6c7üKuralamudhan RamakrishnanüSenior Software Engineer, Intel
871d48d5322a8adcfe99960d1a3ed984üChristian BellüSoftware Engineer, Google
a4556e035c1296418042ece13fd3a894üStephen DayüContainerd Maintainer, Cruise Automation
a4556e035c1296418042ece13fd3a894üDerek McGowanüSoftware Engineer, Docker
cd6dee926951f53b0a9ac8cac067b98cüPavol LoffayüSoftware Engineer, Red Hat
cd6dee926951f53b0a9ac8cac067b98cüYuri ShkuroüStaff Engineer, Uber Technologies
cd6dee926951f53b0a9ac8cac067b98cüBen SigelmanüCEO and Co-founder, LightStep
6b624f403dc8555a0a43ef7467cab7e2üGareth RushgroveüDirector of Product Management, Snyk
e4bc10b6744425fe2cc1a854bbbbbd1aüMatt FarinaüSamsung SDS
00b559349b39454734c350902329c369üChristoph SchittkoüPrincipal Software Development Engineer, Microsoft
00b559349b39454734c350902329c369üErik SchlegelüSenior Engineer, Microsoft
923a94c06bfd3944212c2b18f195ae1eüDaniel SmithüStaff Software Engineer, Google
923a94c06bfd3944212c2b18f195ae1eüEric TuneüGoogle
e341137b2dd8dcf8ceeba48c27c8cbfbüBrian RedbeardüChief Architect, CoreOS
eac4ff9c5e54039122fcbf2c39db15dfüEmmanuel GomezüPrincipal Engineer, Nordstrom
eac4ff9c5e54039122fcbf2c39db15dfüMarius GrigoriuüSr Manager, Nordstrom
ccc30e0631ab1cfc4d6d7d1ded45fcc0üAlena ProkharchyküPrincipal Software Engineer, Rancher Labs, Inc.
4f3fd87138c1bb3a4422b534f07e22b2üLucas KäldströmüCNCF Ambassador, Independent
5b8899477653f20924959fe441f92b5eüMichael ChenüSenior Manager, VMware
5b8899477653f20924959fe441f92b5eüFred VongüStaff Engineer, VMware
92aa49ff0d531414929426af723d1819üQuinton Hooleü
92aa49ff0d531414929426af723d1819üYing HuangüSenior Software Architect, Huawei
0f60691204623b6146d3d728e76db6e2üSarah NovotnyüHead of Open Source Strategy for GCP, Google
5c21e817a0bce097c728a5aea78cb3aeüJesse NewlandüPrincipal Site Reliability Engineer, GitHub
484839d1ece54a10820a3413dfd6e894üBrandon PhilipsüCTO, CoreOS, Inc.
d6b282b8dcb7561c9fc652d15b0f9e45üClayton ColemanüArchitect, Kubernetes and OpenShift, Red Hat
dd87c38f734e63601021ea34abc86107üBrian GrantüPrincipal Engineer, Google
5fa3005107ffa3655968cc44e09fac11üPaul BurtüCommunity + Product Marketing, CoreOS
5fa3005107ffa3655968cc44e09fac11üElsie PhillipsüCommunity Manager, CoreOS
c1f94d31c69f7b515c90050a19effd10üEric BrewerüVP Infrastructure, Google
c1f94d31c69f7b515c90050a19effd10üMatthew DeLioüProduct Manager, Google
c1f94d31c69f7b515c90050a19effd10üAparna SinhaüGroup Product Manager for Kubernetes, Google
5d73c0bdb9c6f5fe1b47ee301e04b16cüPaul MorieüPrincipal Software Engineer, Red Hat
b80a5fc3a04fb1132f6a141f3913677füEliran BivasüSenior Big Data Architect, iguazio
eb705c6c6186f308e9ce15c627853136üAnnette ClewettüSenior Storage Architect, Red Hat Inc.
eb705c6c6186f308e9ce15c627853136üSudhir PrasadüProduct Management Director, Red Hat
59b5626e0c2f19b19e6c2304c8e95878üAnubhav MishraüDeveloper Advocate, HashiCorp
ea80b69c7416593d50449e515c6b2bb0üDaneyon HansenüPrincipal Software Engineer, Cisco
9dd79296efe74ddfa23f0895fadb5998üMaisem AliüSoftware Engineer, Google
9dd79296efe74ddfa23f0895fadb5998üEric TuneüGoogle
66dc8f588b37944de31e102a54752b7aüGreg CastleüKubernetes/GKE Security Tech Lead, Google
66dc8f588b37944de31e102a54752b7aüCJ CullenüSoftware Engineer, Google
de77c7fa10eeb3426be9555770857eb7üMatt FarinaüSamsung SDS
de2cf4c59aa66a4e4648e30a38dfc26büJustin Santa BarbaraüGoogle
ed5b94645c8020b56af984f1b0502eadüWendy DembowskiüStaff Software Engineer, Google
ed5b94645c8020b56af984f1b0502eadüStephen ElliottüProduct Manager, Google
e0188784c081d525ff3b2e815d391db6üDawn ChenüSenior Staff Software Engineer, Google
22c5aaa1831459bf137beea03be21ec9üJustin GarrisonüSr Systems Engineer, Independent
dc21223a242c7b6917ad925b3e853a03üRajashree MandaoganeüSoftware Engineer, Rancher Labs
8a8c70ef42efca1ce00f6821d934ee74üRob HirschfeldüCEO, RackN
4f810806fb87b770f8f58d150c0ef297üJordan LiggittüPrincipal Software Engineer, Red Hat
791a8a95c2385d13d03441b09d3513baüNenad BogojevicüSoftware Architect, Amadeus
8f8e8b769076b59b2040722d798e63f3üDan BergüDistinguished Engineer, IBM
8f8e8b769076b59b2040722d798e63f3üSpike CurtisüSenior Software Engineer, Tigera
0fe664bfb7cc224a5005671c3e16ee1büKevin LynchüSquarespace, Squarespace
f1c41f641653d6f31413bce9bb8fe325üAmanpreet SinghüSite Reliability Engineer, Crowdfire
0fce891fba1f82739b794f7065963c5cüTorin SandallüSoftware Engineer, Styra
22aa1f77e0d86bc5de39b771e0e81e4büJing XuüSoftware Engineer, Google
ee2f863691611a60c107af40666228dcüBo IngramüEngineer, Craftsy
f803bcb8210fce3c3c6b337e92c035f4üJoe ThompsonüSolutions Architect, Mesosphere
f5e951ff5a8989bbcd7a99606f63b028üBich LeüChief Architect, Platform9
f5e951ff5a8989bbcd7a99606f63b028üArun SriramanüSoftware Engineer, Platform9 Systems Inc.
0819ff0db0f380f3c1a510435ff44062üDenis MagdaüDirector of Product Management, GridGain
d2a46b5f5f2db194d5e5aee51fc7b890üAndy GoldsteinüStaff Systems Engineer, VMware
d2a46b5f5f2db194d5e5aee51fc7b890üSteve Krissü
c29df6b63ee2cf977c1cca533990e931üAudun Fauchald StrandüTeam Lead - Platform and automation, NAV - Norwegian Welfare Administration
b70246e04bdae4ef8f478a1d0906fc6aüLachlan EvensonüPrincipal Program Manager, Microsoft
fa190f1a280dee42a9256af8bd9f9ed8üBrad GeesamanüEngineering Lead, Independent
a99c66ac3d66e933c4d6618f46cb02a5üMitsuhiro TaninoüPrincipal Software Engineer, Hitachi Data Systems
de45125c12977356f1bd11a7043a3106üPaul MorieüPrincipal Software Engineer, Red Hat
00d965603a5e8caaf08a780abb0e46f9üPavol LoffayüSoftware Engineer, Red Hat
00d965603a5e8caaf08a780abb0e46f9üYuri ShkuroüStaff Engineer, Uber Technologies
2f727ed7c4da0766aae94d0b24790191üWilliam MorganüCEO, Buoyant
32e504824783b2f190e69be7d30e97b0üFrederic BranczyküSoftware Engineer, CoreOS
32e504824783b2f190e69be7d30e97b0üBob CottonüCofounder, FreshTracks.io
32e504824783b2f190e69be7d30e97b0üGoutham VeeramanchaneniüStudent, IIT Hyderabad
32e504824783b2f190e69be7d30e97b0üTom WilkieüVP Product, Grafana Labs
0d0f6ef64271553b59f9789cbbf9e1e9üRaphael Deemü
0d0f6ef64271553b59f9789cbbf9e1e9üMichael GoodnessüLead Systems Engineer, Kubernauts, Ticketmaster
3dba2f536753f2689bc2050be6667e26üDiego PontorieroüCoreOS
08683a0562b85df85b9cf30e7171103füCasey DavenportüSoftware Engineer, Tigera
8cd609d3a2140fae74ff6f53ed89020eüLachlan EvensonüPrincipal Program Manager, Microsoft
8cd609d3a2140fae74ff6f53ed89020eüJoy QiaoüSenior Solution Architect - AI and Research Group, Microsoft
6c2a3d1dca033cc24f082b8049b53035üCheryl HungüProduct manager, StorageOS
adb78ee4afdc09cc111006a6ba777c26üMason JonesüSenior Staff Infrastructure Engineer, Credit Karma
74f50d71d61d4ba136932c77b3905a00üMandar Jogü
74f50d71d61d4ba136932c77b3905a00üLin SunüSenior Technical Staff Member, IBM
26fd6ea684687cc2181cb0cc4cc7e819üFritz FerstlüChief Technology Officer, UNIVA
79b7c8ea610946e69b82d20895b8ad90üJonathan PulsiferüInfrastructure Security Engineer, Shopify
85591fdc39bfb5a4b479430e2ae6fd03üHuamin ChenüPrincipal Software Engineer, Red Hat
85591fdc39bfb5a4b479430e2ae6fd03üJohn GriffithüPrincipal Software Engineer, NetApp
e66245ef956b3ec698cf2bb0f92ce94büAaron LevyüHead of Engineering, Enterprise Core Services, CoreOS
5f19eb65f6f61cc74c28788bc29a74cbüMarco Ceppiü
5f19eb65f6f61cc74c28788bc29a74cbüRye TerrellüSoftware Engineer, Canonical
5e7b806de4e2dde89ba56b0ab3721b46üJosh BerkusüCommunity Lead at Red Hat, Red Hat
e4affff983f2cf65f6b17c40f4787424üKeith GasserüLead Software Engineer, CapitalOne
dfd8dc659c6fc791af90bfdf788925a2üTommy LiüSoftware Developer, IBM
dfd8dc659c6fc791af90bfdf788925a2üAnimesh SinghüSTSM and Program Director, AI and ML, IBM
68adccbc1cda2c57adf797441bea3466üIlan RabinovitchüVP Product & Community, Datadog
f983dde9992121232f0757bb0f15144cüMrunmayi DhumeüSenior Software Engineer, Oath (Yahoo Inc)
f983dde9992121232f0757bb0f15144cüSuresh VisvanathanüSr Architect, Oath(Yahoo)
fc57e9719868c2623b56186e75002506üEric WangüSoftware Engineer, Databricks
fc57e9719868c2623b56186e75002506üYun ZhangüSoftware Engineer, Databricks
d19095af5347f16dcf867fb7efe2deeeüPavel SnagovskyüSenior Developer, Rackspace
83b07097c946281d25fce89d5c75d571üLukasz GryglickiüSenior Developer, CNCF
83b07097c946281d25fce89d5c75d571üDan KohnüExecutive Director, Cloud Native Computing Foundation
19fae911f3778a436c7a3fbb9c7dff8düCasey DavenportüSoftware Engineer, Tigera
3339f5d7a7001e092a4b17023ecd1d67üStephen GordonüPrincipal Product Manager, Red Hat
3339f5d7a7001e092a4b17023ecd1d67üChris HogeüSenior Strategic Program Manager, OpenStack Foundation
d57d6335fff84c16a170cdb1824ed9ccüDaniel Walshü
ae70e6957e5f991749dab4a71448a228üTrevor McKayüPrincipal Software Engineer, Red Hat, Inc.
06e41b2d49a92c457acdcd82023cec07üBrendan NolanüPrincipal Software Engineer, Pivotal.io
06e41b2d49a92c457acdcd82023cec07üOleksandr SlynkoüSoftware Engineer, Pivotal
f1536699efc5e9ec0502593a9581cdb3üJeff BornemannüSenior Consultant, Red Hat
f1536699efc5e9ec0502593a9581cdb3üMichael SurbeyüSolutions Architect, Red Hat, Inc.
47636c33f3ffd4ed7261a86728a6635aüMarek GrabowskiüSite Reliability Engineer, Google
47636c33f3ffd4ed7261a86728a6635aüTina ZhangüSite Reliability Engineer, Google
f901408e332db7f0877fd04bd0564dbbüJoshua RoppoüInfrastructure Engineer, X
352afb249e3a916b66fe13597eb55761üTorin SandallüSoftware Engineer, Styra
352afb249e3a916b66fe13597eb55761üLimin WangüSenior Software Engineer, Google
cd90b17b565f95e8b36422e90a9a0a87üPatrick McQuighanüSenior Software Engineer, Algorithmia
8e7ed82861cdca4d0cddb07d751dc75düJordan LiggittüPrincipal Software Engineer, Red Hat
456c6c38da95364be23010e45f55573büMichelle AuüSoftware Engineer, Google
456c6c38da95364be23010e45f55573büErin A BoydüSenior Principal Software Engineer, Red Hat
