75f24643407f125d09c28f2cd3c8de60üJun SakataüSoftware Engineer, Infrastructure, Ubie, Inc.
d7a7fd2366b111d60eec3bed8897a2b7üAndrew GaoüSoftware Engineer, Capital One
70b6037c8dbf7c28b913cdee10c7d8b0üTim HockinüPrincipal Software Engineer, Google
a1bda1d7027e8bed23df7522bff55bb9üElena MorozovaüSoftware engineer, Weaveworks
16260bdcd1602e214013ca98ec051f4düMike ArpaiaüCo-Founder & CTO, Kolide
55f1305ede7818894f57202c24506a03üJonathan PerryüCEO / Co-founder, Flowmill, Inc.
1229067f57c5226f6493dcfd455ac407üMarko MudrinićüSoftware Developer, Loodse
46268003f083ca09a6b483cc657c44abüJohn OsborneüPrincipal OpenShift Architect, Red Hat
4227fd359c40018c4b83f6d20427624aüLaurent BernailleüStaff Engineer, Datadog
8a19aae677d3310ea25e8bbcb23c9658üStanley CheungüSenior Software Engineer, Google
d1b2f3bed4e612958c22f2a9703db4deüShreya SharmaüTechnical Product Manager, Expedia Inc.
5278fe1622289b30b79edca55f1a31e0üKendall MillerüCOO, ReactiveOps
2362e60a9b4a10ff8004029b193d1505üNathan MurthyüStaff Software Engineer, Tesla
c9845561a2c9b11210ac4fe843fbb3acüJosh BerkusüCommunity Lead at Red Hat, Red Hat
cb691ed6de99bc3713ca9ef82bc0300aüParis PittmanüKubernetes OSS Strategy, Google
61a5db29cd12e5edbde493d20e01c068üYong TangüDirector of Engineering, MobileIron
49bf988f760d60fb8d76409766a29bfcüJ EvansüInfrastructure Engineer, Strava
9c4c6e95e5494e74976872119ffb788eüLiz FrostüSoftware Engineer, Heptio
bfd5091c4b85d65ec5c37155d13f31b5üJoab JacksonüManaging Editor, The New Stack
bfd5091c4b85d65ec5c37155d13f31b5üAlex WilliamsüFounder & Editor-in-Chief, The New Stack
bfd5091c4b85d65ec5c37155d13f31b5üChad ArimuraüVP Serverless Advocacy, Former CEO and Cofounder of Iron.IO, Oracle
bfd5091c4b85d65ec5c37155d13f31b5üTom PetrocelliüResearch Fellow, Amalgam Insights
bfd5091c4b85d65ec5c37155d13f31b5üAra PulidoüEngineering Manager, Bitnami
bfd5091c4b85d65ec5c37155d13f31b5üChristopher WoodsüResearch Software Engineer, University of Bristol
bd833dbfdc81d8a250218217bbad0809üLiz RiceüTechnology Evangelist, Aqua Security
5f60ce41a7d05ed4e1a6b9b9c505349cüMichelle NooraliüSoftware Engineer, Microsoft
ec7ace61ac128f3ac3cfc692e344048eüConstance CaramanolisüSoftware Engineer, Lyft
ec7ace61ac128f3ac3cfc692e344048eüMatt KleinüSoftware Engineer, Lyft
ec7ace61ac128f3ac3cfc692e344048eüJose NinoüSWE, Lyft
0616e183f6a230b96e29a05a1eae3a79üXiang LiüSenior Staff Engineer, Alibaba
0616e183f6a230b96e29a05a1eae3a79üBrandon PhilipsüCTO CoreOS, Red Hat
e17b6a634d53432f812dcf02050d85f1üAparna SinhaüGroup Product Manager for Kubernetes, Google
607a3c32a7c4adede7adf9ef0ef39591üWendy CarteeüCloud Native Advocacy, VMware
e94c7e60d516f0a2d814e71df1afe749üMatt ButcherüPrincipal Software Engineer, Microsoft
e94c7e60d516f0a2d814e71df1afe749üKaren ChuüCommunity Manager, Microsoft
67e7be1efb8ab63d13ee5a77de015622üJanet KuoüSoftware Engineer, Google
30a3667dee79be1e7cd1ed2b49c6dafbüBryan BorehamüDirector Software Engineering, Weaveworks
13b03266246ebdbbc41c15479f4273b8üEduardo SilvaüPrincipal Engineer, Arm / Treasure Data
a5ab9b0fe8d12f815f0d7020260e5eedüHarrison HarnischüStaff Software Engineer, ZEIT
f1096bb7dab1969a926609673d153161üRyan HalliseyüSoftware Engineer, Red Hat
f1096bb7dab1969a926609673d153161üDaniel Gonzalez NothnagelüCloud Infrastructure Developer, SAP SE
d5cd6085932d78313c45352fbc125f9füJames BowesüTechnical Lead, Manifold
c4510a194c893a59ed835415aa86967aüNisha KumarüOpen Source Engineer, VMware
193d3c707a67989d3b5f2427164c9dfbüOrna BerrymanüGoogle
193d3c707a67989d3b5f2427164c9dfbüJasmine JaksicüLead Technical Program Manager, Google
193d3c707a67989d3b5f2427164c9dfbüLin SunüSenior Technical Staff Member, IBM
193d3c707a67989d3b5f2427164c9dfbüLimin WangüSenior Software Engineer, Google
db5d5c603772658c78b1586c1ff4f974üAndrew Sy KimüSoftware Engineer, DigitalOcean
f82cccf285876aa8ccd4e3d484e04243üYisui HuüSoftware Engineer, Google
faa3816c2226a15772c03214ed1c17baüAdnan AbdulhusseinüSoftware Engineer, Bitnami
45cd68bd6559442412ee2a37be155e12üTim AllclairüSoftware Engineer 软件工程师, Google
45cd68bd6559442412ee2a37be155e12üJordan LiggittüStaff Software Engineer, Google
da4ac39e9879dd3f283bce2ba955d682üDee KumarüVice President, Developer Marketing, Linux Foundation
fd4e8610406e9ba24a3bdaee1f2eff52üRichard TheisüSenior Software Engineer, IBM
fd4e8610406e9ba24a3bdaee1f2eff52üSahdev ZalaüSenior Software Engineer, IBM
b43ab35e793b0bc7d537fbd2a5ed2842üFabio RapposelliüStaff Software Engineer, VMware
b43ab35e793b0bc7d537fbd2a5ed2842üSteven WongüOpen Source Software Engineer, VMware
fbf2d9d03e9d6a35aa1b9209ef62bdccüAlex RobinsonüSenior Software Engineer, Cockroach Labs
6fcf18e2772c9e7953b44fa4cb36658cüDavid KaltschmidtüDirector of UX, Grafana Labs
f654a1d7a1a75d24e550ef849a5b32c5üZachary DeptawaüCloud Advocate, Microsoft
f654a1d7a1a75d24e550ef849a5b32c5üBridget KromhoutüPrincipal Cloud Advocate, Microsoft
8d2fbb4fc138f490d265bbe5012e346füMichelle AuüSoftware Engineer, Google
8d2fbb4fc138f490d265bbe5012e346füJan ŠafráneküSoftware Engineer, Red Hat
d5b0d2bd47d5b7e116033834b246cfc9üFederico BongiovanniüEngineering Manager, Google
d5b0d2bd47d5b7e116033834b246cfc9üIan ChakeresüCloud Builder, Google
d5b0d2bd47d5b7e116033834b246cfc9üMichael TaufenüSoftware Engineer, Google
d5b0d2bd47d5b7e116033834b246cfc9üSilvia XuüSoftware Engineer, Google
f1a676b337364688213c8587f33c6434üWaldemar QuevedoüSoftware Engineer, Synadia Communications, Inc
f1a676b337364688213c8587f33c6434üColin SullivanüProduct Manager, Synadia
44c0df0b438ac9ef402a17c29a26085cüLee CalcoteüFounder, Layer5
44c0df0b438ac9ef402a17c29a26085cüGirish RanganathanüPrincipal Architect, SolarWinds
12d0bb1feb1aac76a4e623f4fa962598üBob KillenüResearch Cloud Administrator, University of Michigan
53e35b7181f64a22daff38deeb91ae43üEduardo SilvaüPrincipal Engineer, Arm / Treasure Data
9ad9be60e523f56efb034c2d103b1610üBob KillenüResearch Cloud Administrator, University of Michigan
386edb9f18d8e09aa0c5fd2c16a3e871üConstance CaramanolisüSoftware Engineer, Lyft
99bf42c79c5945dd0c13926c34d235f4üRoss KukulinskiüProduct Manager, VMware
bbdc7fecf99ca619c935ad04ce4f7a09üJeyappragash Jeyakeerthiütetrate.io
bbdc7fecf99ca619c935ad04ce4f7a09üDan ShawüGlobal Head of Developer Relations, PayPal
e912149d45015eff8e9fca6948094037üJamie HewlandüSite Reliability Engineer, Praekelt.org
90c13f70b927c2473e31a7c75b31e20eüBenjamin ElderüSoftware Engineer, Google
90c13f70b927c2473e31a7c75b31e20eüSen LuüSoftware Engineer 软件工程师, Google
c8c56a7dc4a6db5cdf1d25b77f41edc4üBen HallüFounder, Katacoda
89b9027441a580ab040bfd8f0b482d1eüMehdy BohloolüSoftware Engineer, Google
89b9027441a580ab040bfd8f0b482d1eüStefan SchimanskiüSenior Software Engineer, Red Hat
bb0e41b086169f6c46c63573963d0e8füYang CheüSenior Engineer, Alibaba
bb0e41b086169f6c46c63573963d0e8füKai ZhangüStaff Engineer, Alibaba
00026b9910b49303d0f03c9b0ba20b57üRobert BaileyüSoftware Engineer, Google
00026b9910b49303d0f03c9b0ba20b57üTimothy St. ClairüKubernetes Steering Committee Member, VMware
66e269ce4b743899b676602b37c374d8ü(Haining Henry) ZhangüTechnical Director, VMware
66e269ce4b743899b676602b37c374d8üSteven ZouüStaff Engineer, VMware
03b4a7917a6d6bfebd93e2c609b42226üJonathan BerkhahnüOpen Source Contributor, IBM
03b4a7917a6d6bfebd93e2c609b42226üCarolyn Van SlycküSoftware Engineer, Microsoft
5999a71eaa81f5f9977e21c2eb8202baüSaad AliüSenior Software Engineer, Google
f2b7217e916d32501690db944d68e6beüRia BhatiaüProgram Manager, Microsoft
f2b7217e916d32501690db944d68e6beüBen CorrieüSenior Staff Engineer, VMware
cb32bb210e51c14a3d3fb835b71b06daüIllya ChekryginüFounding Engineer, Upbound
f92f013332f3ebdcd701d35b9af4489düFrederic BranczyküSoftware Engineer, Red Hat
f92f013332f3ebdcd701d35b9af4489düAndrew SeignerüSoftware Engineer, Buoyant
9af2ffe7467a0fd6305e2153537271b4üShriram RajagopalanüStaff Engineer, VMware
c9fba3fd1a94aa02e7ef54a696988126üDave StrebelüOpen Source Architect, Microsoft
3c6b041392d02573875a31772eceba7eüLucas KäldströmüCNCF Ambassador, Independent
553f9e9a076710938a3b65730e9b33a0üBaruch SadogurskyüHead of Developer Relations, JFrog
6a628ec7e5e469a1f4e486eb2f1a62dbüBaruch SadogurskyüHead of Developer Relations, JFrog
48b0312a6c68f9247e0c6ad57cb9f9b4üThomas RampelbergüSoftware Engineer, Buoyant
0d755d999279be347d19a458e27999bfüScott CollierüConsulting Engineer, Red Hat
0d755d999279be347d19a458e27999bfüBen WarrenüSoftware Engineer, Cisco
1f94a79a064c91f6dbe106f794d73bd3üMatt HopeüPrincipal Systems Engineer, Fairfax Media
1f94a79a064c91f6dbe106f794d73bd3üPavel NikolovüPrincipal Software Engineer, Fairfax Media
8011674b13e2d088882f2b070f9e361eüRicardo AravenaüWebsite Operations Manager, Rakuten
8011674b13e2d088882f2b070f9e361eüJaveria KhanüSenior System Engineer, Branch Metrics
ecf73671a728921a04586344d71eed9düJavier SalmeronüEngineer, Bitnami
ac75de64d000e0a3d88c0619242baa8büSujit D'MelloüPrincipal Consultant, Microsoft
ac75de64d000e0a3d88c0619242baa8büDaniel SelmanüKubernetes Consultant, Microsoft
6642c552721b23a6334943f16a4ec03cüRenaud GaubertüSoftware Engineer, NVIDIA
6642c552721b23a6334943f16a4ec03cüRyan OlsonüSolutions Architect, NVIDIA
e718ea093f3ac2b068105261da508630üConstance CaramanolisüSoftware Engineer, Lyft
e718ea093f3ac2b068105261da508630üMatt KleinüSoftware Engineer, Lyft
333b6b21ae3744f8f00390904f60629eüDaneyon HansenüPrincipal Software Engineer, Cisco
333b6b21ae3744f8f00390904f60629eüQuinton HooleüTechnical Vice President, Futurewei
333b6b21ae3744f8f00390904f60629eüIrfan Ur RehmanüSenior Engineer, Huawei
d9b2bb1dfbc150675bb37453dfe3cd5eüTim PepperüOpen Source Engineer, VMware
d9b2bb1dfbc150675bb37453dfe3cd5eüAishwarya SundarüGKE /OSS Test Engineer, Google
8a23a437403d935a8a097f0e37e29541üAdnan AbdulhusseinüSoftware Engineer, Bitnami
8a23a437403d935a8a097f0e37e29541üRafael SchlomingüCo-founder and Chief Architect, Datawire
5cdfa141f258155598ec1480d1583e51üJustin CapposüProfessor, New York University
5cdfa141f258155598ec1480d1583e51üJustin CormacküSecurity Engineer, Docker
c94a09d707f58b601c782ca43beaf0f1üKaran GoelüSoftware Engineer, Google
c94a09d707f58b601c782ca43beaf0f1üMeaghan KjellandüSoftware Engineer, Google
21714cdd83a293ec18336c15c7985059üKate KuchinüSenior Systems Software Engineer, Heptio
4341704b3f3a6bfbea27ce2b6cdfa37büSam BatscheletüSoftware Engineer, Red Hat
4341704b3f3a6bfbea27ce2b6cdfa37büGyuho LeeüSoftware Developer Engineer, Amazon Web Services
3a30f7127b14bf7cb2eba74c351b0e39üTim AllclairüSoftware Engineer 软件工程师, Google
3a30f7127b14bf7cb2eba74c351b0e39üAdin ScannellüSoftware Engineer, Google
bef2fecc7ea6efcbce2bb725020045c2üBrice FernandesüSoftware Engineer, Weaveworks
483d41ed0a601e7bf229c9af8c053c38üXu WangüSenior Staff Engineer, Ant Financial
483d41ed0a601e7bf229c9af8c053c38üLei ZhangüStaff Engineer, Alibaba
daa3c6f59f2d78c8fc3f96ac5edf9d83üSteve GreenbergüTutorial Assistant, Google
daa3c6f59f2d78c8fc3f96ac5edf9d83üGonzalo Gasca MezaüTutorial Assistant, Google
daa3c6f59f2d78c8fc3f96ac5edf9d83üMichelle CasbonüSenior Engineer, Google
daa3c6f59f2d78c8fc3f96ac5edf9d83üAmy UnruhüDeveloper Relations Engineer, Google
bfd469a8fdd7e3120796a60a86351471üScott RigbyüDevOps Engineer, Codecademy
05a1523c9c63b3b03f65d9545e6afd28üGage OrsburnüSoftware Architect, One Source Integrations
05a1523c9c63b3b03f65d9545e6afd28üRich RennerüSolutions Architect, One Source Integrations
914d5d3696acd7379efa19a7d37b3f8füAdriano CunhaüSoftware Engineer, Tools and Infrastructure, Google
914d5d3696acd7379efa19a7d37b3f8füSrinivas V. HegdeüSoftware Engineer - Tools & Infrastructure, Google
cd0e7beac93d2799ea77246ad2ff7b4düAlex GervaisüStaff Software Developer, AppDirect
cd0e7beac93d2799ea77246ad2ff7b4düPierre LacerteüDirector Engineering, AppDirect
5d393db42a56e284f19ea0aa610b7986üJonathan HessüSoftware Engineer, SAP
5d393db42a56e284f19ea0aa610b7986üLoren TroutüDevops Engineer, SAP
cd368371ad1b9aaf5303478e74142135üMars ToktonalievüCloudRAN system engineer, Nokia
cd368371ad1b9aaf5303478e74142135üCheryl HungüDirector of Ecosystem, CNCF
cd368371ad1b9aaf5303478e74142135üLucas KäldströmüCNCF Ambassador, Independent
cd368371ad1b9aaf5303478e74142135üDiane MuellerüDirector, Community Development, Red Hat
cd368371ad1b9aaf5303478e74142135üTakuya Noguchiü
1fc22cc0da802231ac41ff21a55ba023üLiz RiceüTechnology Evangelist, Aqua Security
1fc22cc0da802231ac41ff21a55ba023üJonathan BoulleünStack
1fc22cc0da802231ac41ff21a55ba023üBryan CantrillüCTO, Joyent
1fc22cc0da802231ac41ff21a55ba023üBrian GrantüPrincipal Engineer, Google
1fc22cc0da802231ac41ff21a55ba023üBen HindmanüMesosphere Founder - Apache Mesos Co-Creator, Mesosphere
1fc22cc0da802231ac41ff21a55ba023üQuinton HooleüTechnical Vice President, Futurewei
1fc22cc0da802231ac41ff21a55ba023üKen OwensüVice President, Digital Native Architecture, Mastercard
1fc22cc0da802231ac41ff21a55ba023üAlexis RichardsonüFounder & CEO, Weaveworks
6055df60653022b73ec4fccd1faa4d5büNitin BahadurüHead Compute Cluster Infrastructure, Uber
6055df60653022b73ec4fccd1faa4d5büMin CaiüSr. Staff Engineer, Uber
1c9c0d4796d55891226019f97d274b89üTommy LiüSoftware Developer, IBM
1c9c0d4796d55891226019f97d274b89üAnimesh SinghüSTSM and Program Director, AI and ML, IBM
64c80d24206401c01af7a8e6d1eb3f2büConstance CaramanolisüSoftware Engineer, Lyft
64c80d24206401c01af7a8e6d1eb3f2büMatt KleinüSoftware Engineer, Lyft
772e39a2a1e4abce6e64da52b7360622üJoe KutnerüArchitect, Salesforce Heroku
772e39a2a1e4abce6e64da52b7360622üTerence LeeüPrinciple Engineer, Salesforce Heroku
9403a635171fd259dfbed3021eadf515üTaylor CarpenterüPartner, Vulk Coop
9403a635171fd259dfbed3021eadf515üDenver WilliamsüProject Co-Lead, cncf.ci, Vulk Coop & CNCF
b1f719cea4e813c09387f3d305ead3f1üElsie PhillipsüRed Hat
b1f719cea4e813c09387f3d305ead3f1üParis PittmanüKubernetes OSS Strategy, Google
417125adaa79a01546de5a2f530688d9üChris HogeüSenior Strategic Program Manager, OpenStack Foundation
417125adaa79a01546de5a2f530688d9üDavid  LyleüSenior Software Engineer, Intel
1afeda30e5519ee7258b97da64a79dccüErin A BoydüSenior Principal Software Engineer, Red Hat
1afeda30e5519ee7258b97da64a79dccüIvan FontüSenior Software Engineer, Red Hat
cf4c071d8a4bc4688b5c39e24fd21f23üJoe BetzüSoftware Engineer, Google
cf4c071d8a4bc4688b5c39e24fd21f23üJingyi HuüSoftware Engineer, Google
464acba62c756f6b5f0f920aaf2e88c2üPuja AbbassiüDeveloper Advocate, Giant Swarm GmbH
f4e3acded06cab175e731aecaa2109caüJordan OlshevskiüSenior Software Engineer, Microsoft
f4e3acded06cab175e731aecaa2109caüTaylor ThomasüSenior Software Engineer, Microsoft Azure
de488b42941be8130c61ce8f37f28543üFrederick KautzüPrincipal Software Engineer, Red Hat
de488b42941be8130c61ce8f37f28543üEd WarnickeüEd Warnicke, Cisco Systems
0b802d68c33cc8894f6cc1f5c00e3b06üGreg TaylorüEngineering Manager, Reddit, Inc
06ca6048aed10c0ad9eaf6a9b0628a17üRyan CoxüSoftware Engineer, Lyft
a268cd36862868a36083725e6ed97869üStephen AugustusüSr. Cloud Native Architect, VMware
a268cd36862868a36083725e6ed97869üJaice Singer DuMarsüCloud Native Strategy Program Manager
a9fa81b517ec3a73731e8c97a8d2813aüAlexander KukushkinüDatabase Engineer, Zalando SE
aa6e8b96ec798cbcd852898bc3075084üDavid AronchicküProgram Manager, Microsoft
aa6e8b96ec798cbcd852898bc3075084üJay SmithüCloud Customer Engineer 云客户工程师, Google
aef67c60b92d7e26830cf23fc4d5a4b8üMike BrownüContainerd Maintainer, IBM
aef67c60b92d7e26830cf23fc4d5a4b8üDerek McGowanüSoftware Engineer, Docker
58f0b4b8613d6aacbe47011654f3fb0düCricket LiuüChief DNS Architect, Infoblox
58f0b4b8613d6aacbe47011654f3fb0düYong TangüDirector of Engineering, MobileIron
3ad8b43b4f428e61ef9c5298a82f7276üLoris DegioanniüFounder & CTO, Sysdig
6399f28a56bb3bb5c6cad83076ebf851üMasahiro NakagawaüPrincipal Engineer, ARM Treasure Data
6399f28a56bb3bb5c6cad83076ebf851üEduardo SilvaüPrincipal Engineer, Arm / Treasure Data
f4dfd5997a01b25690622fecace0c45füDan KozlowskiüLead Engineer, PlanetScale
f4dfd5997a01b25690622fecace0c45füSugu SougoumaraneüCTO, PlanetScale
cb4909af09c1d544d935b987777ca84aüLoc NguyenüStaff Engineer II, VMware
cb4909af09c1d544d935b987777ca84aüKris NovaüIndependent
8688ea0685b3d43078b8c212fdf35118üAmreth ChandraseharüPrincipal Architect, Cloud, T-Mobile
8688ea0685b3d43078b8c212fdf35118üThom McCannüSr. Manager Software Engineering, T-Mobile
2f8c10afe9cfeefd368cee3d1a5c6511üBeata SkibaüSoftware Engineer, Google
be182768fdea2b67d38c7dbd89b65dcaüTatsuya YanoüPlatform Developer, Yahoo Japan Corporation
00b07cf570088cc1d9eb5fd2e4f4c220üJessica DeenüSenior Cloud Advocate, Microsoft
00b07cf570088cc1d9eb5fd2e4f4c220üPatrick LangüSenior Software Engineer, Microsoft
68c771ecdc04507e04d8b2a2c3de36b3üAdé MochtarüCo-Founder, Instruqt
68c771ecdc04507e04d8b2a2c3de36b3üBas TichelaarüCo-founder, Instruqt
c1a448ce6d42c9bf577b89e73a9e2da5üMichael HoughüSoftware Engineer, IBM
c1a448ce6d42c9bf577b89e73a9e2da5üAndrew MartinüCo-founder, Control Plane
c1a448ce6d42c9bf577b89e73a9e2da5üPi UnnerupüInfrastructure Engineer, ControlPlane
c1a448ce6d42c9bf577b89e73a9e2da5üLiam WhiteüSoftware Engineer, Tetrate
a20102279491327e8b9b517caeef4270üMarin JankovskiüEngineering Manager, Distribution and Release Management, GitLab
7718ccd5eeb040c2ccce7039a6384d20üDiane MuellerüDirector, Community Development, Red Hat
7718ccd5eeb040c2ccce7039a6384d20üSebastien PahlüRed Hat
75c7ee25ba3e8f171423274bdfc20edbüParin ShahüSoftware Engineer, Intuit, Inc.
75c7ee25ba3e8f171423274bdfc20edbüBilly YuenüPrincipal Engineer, Intuit
4f1f521d7a7c82dfd2c11bbb0b9ee559üTom ManvilleüSoftware Engineer, Kasten
4f1f521d7a7c82dfd2c11bbb0b9ee559üNiraj ToliaüCEO, Kasten
683431e8084a80082c89a002c1571eb1üKaslin FieldsüCloud Advocate, Oracle
683431e8084a80082c89a002c1571eb1üMatt BaldwinüDirector, Cloud Native Engineering, NetApp
683431e8084a80082c89a002c1571eb1üLee CalcoteüFounder, Layer5
683431e8084a80082c89a002c1571eb1üIhor DvoretskyiüDeveloper Advocate, CNCF
683431e8084a80082c89a002c1571eb1üLisa-Marie NamphyüDev Advocate & Community Architect, Portworx
185d8c82639240a0005d8fd933261afdüMike ArpaiaüCo-Founder & CTO, Kolide
758e938340d1773932bdf88761865e5füWilliam BentonüSenior Principal Software Engineer, Red Hat
758e938340d1773932bdf88761865e5füSophie WatsonüSoftware Engineer, Red Hat
349522d315f2f999808eeb04f54a8ef2üDoug DavisüSTSM, IBM
349522d315f2f999808eeb04f54a8ef2üClemens VastersüPrincipal Architect, Azure Messaging, Microsoft
7f7449af1a8eeddeaad8716462bd9469üMatt FarinaüSr. Staff Engineer, Samsung SDS
e14b3c65f4e945f9f28afb41592f703füWaldemar QuevedoüSoftware Engineer, Synadia Communications, Inc
e14b3c65f4e945f9f28afb41592f703füColin SullivanüProduct Manager, Synadia
69997a8c8609fa94e2ff52077b25de5cüRichard HartmannüMonitoring Lead, SpaceNet
11463df75bf91ec6ecedc6d39e480142üJared WattsüFounding Engineer, Upbound
dcbc515b8fde8e644530a5a949f08879üMatt CaulfieldüCo-founder & CEO, Oort
49ca4cc2a1810aa777bac7f1d5de72d1üBen SigelmanüCEO and Co-founder, LightStep
b72eb045f6432ebdd95151a29a7a963füJoe ThompsonüSolutions Architect, Mesosphere
4e6f8dd1e5ee33693aeefbcf9848ae57üBrandon BakerüCloud Security Horizontal Lead, Google
4e6f8dd1e5ee33693aeefbcf9848ae57üMaya KaczorowskiüProduct Manager, Google
4aee692944555ac0b93871df6ab6b27eüLiz RiceüTechnology Evangelist, Aqua Security
3257a80b2eed058c5a1f2012645b0d0cüClayton ColemanüArchitect, Kubernetes and OpenShift, Red Hat
3257a80b2eed058c5a1f2012645b0d0cüBrian GrantüPrincipal Engineer, Google
3257a80b2eed058c5a1f2012645b0d0cüTim HockinüPrincipal Software Engineer, Google
5b2ec87269a740e596aae47530836bb7üChris AniszczyküCTO/COO, Linux Foundation (CNCF)
fbb10defb977afc899146e47155485c6üLew TuckerüVP/CTO Cloud Computing, Cisco
9cbeb2e41e6fad8f5212b8f61b031499üJulia EvansüSoftware Engineer, Stripe
a75d7f3167fbfa0fe2e64794549ffd09üArun GuptaüPrincipal Open Source Technologist, Amazon Web Services
1688ea8cc9b76eaf22c374f2e91c8e2aüLiz RiceüTechnology Evangelist, Aqua Security
6caf0295a653bdfff39e0ba73721978cüMichael GoodnessüSystems Architect, Ticketmaster
04d86c9ced744edbc4a3ad95f16a0283üMichael GoodnessüSystems Architect, Ticketmaster
ecf05235f6cfc6f1b67d2520dd033236üJoab JacksonüManaging Editor, The New Stack
ecf05235f6cfc6f1b67d2520dd033236üAlex WilliamsüFounder & Editor-in-Chief, The New Stack
ecf05235f6cfc6f1b67d2520dd033236üJennifer LinüDirector, Product Management, Google
ecf05235f6cfc6f1b67d2520dd033236üJason McGeeüIBM Fellow, IBM
ecf05235f6cfc6f1b67d2520dd033236üPere MonclusüCTO, Network & Security, VMware
ecf05235f6cfc6f1b67d2520dd033236üKen OwensüVice President, Digital Native Architecture, Mastercard
ecf05235f6cfc6f1b67d2520dd033236üSimon RichardüAnalyst, Gartner
b05c50ac5540de143d0fd0c0341de6b8üLiz RiceüTechnology Evangelist, Aqua Security
687848049b5c2240d19987c7da79bebdüJanet KuoüSoftware Engineer, Google
586aa861e70a22d8c609e6f67dd84c91üJason McGeeüIBM Fellow, IBM
49cff8836a03b4358e5703d1078929f3üLiz RiceüTechnology Evangelist, Aqua Security
dc4bbe6f020b664c25e0ee5126760c6füMelanie CebulaüSoftware Engineer, Airbnb
917c5c7dfa35b5a3387147a027a72489üLiz RiceüTechnology Evangelist, Aqua Security
c3ed688e1b15bd5254d1ab530e23c90büMatt FarinaüSr. Staff Engineer, Samsung SDS
aede6094328426e8652a619f16f2f3ccüWilliam MorganüCEO, Buoyant
67dc62fd5d2b3cdb0c9ed159dd35c9cfüTed YoungüDirector of Open Source Development, LightStep
e3b8ed80a44a255f8e30553a453e54e9üRob ZuberüCTO, CircleCI
003106c4f9dfc7f1d17b4188722f5104üGareth RushgroveüDirector of Product Management, Snyk
7458e0357e5f71be535077f912d2f501üAaron SchlesingerüCloud Developer Advocate, Microsoft
10fe9bb48e2f962ad337a979efb2ca86üMark MandelüAdvocate for Games, Google Cloud Platform
19d2ddd7c58f779005040db661a5bfe0üHamel HusainüSenior Data Scientist, GitHub
19d2ddd7c58f779005040db661a5bfe0üJeremy LewiüSenior Software Developer, Google
6e27da5c9480252296e9cd0a43c0dd7büTaylor CarpenterüPartner, Vulk Coop
6e27da5c9480252296e9cd0a43c0dd7büDenver WilliamsüProject Co-Lead, cncf.ci, Vulk Coop & CNCF
8eca974c707f97fb3c8a6f54783b891aüMichael LumishüSoftware Engineer, Google
da5bff8cc583db926c589f213d7a70a7üSean SullivanüSoftware Engineer, Google
da5bff8cc583db926c589f213d7a70a7üMengqi YuüSoftware Engineer 软件工程师, Google
02b14dd5aa6999587776e4e2bacd547büBálint PatóüSoftware Engineer, Google
02b14dd5aa6999587776e4e2bacd547büThomas StrömbergüSenior Software Annihilator, Google
1b0017c2d79e32aa0aeb5a32d5765993üStephen AugustusüSr. Cloud Native Architect, VMware
1b0017c2d79e32aa0aeb5a32d5765993üIhor DvoretskyiüDeveloper Advocate, CNCF
4a9c7defb1bacbf2d89b575927ac47e8üDaniel FeldmanüSoftware Engineer, Scytale
4a9c7defb1bacbf2d89b575927ac47e8üAndrew JessupüRecovering Engineer, Scytale
170ddb917121c85501dd0880f97959d8üThomas GrafüCo-Founder & CTO, Isovalent
6d77956e731d66c3ad5aa9e98e0f9ebcüBryan BorehamüDirector Software Engineering, Weaveworks
25be3cd8a6abc77ea2f7092ad398198düAngus LeesüPrincipal Engineer, Bitnami
25be3cd8a6abc77ea2f7092ad398198düDaniel Lopez RidruejoüFounder, Bitnami
0aa127e3d317ac5be6d1422868f3a006üRita ZhangüPrincipal Software Engineer, Microsoft
7d83fe211fe6d839cdbdaa73117e20baüMatt KleinüSoftware Engineer, Lyft
61633f088b75b7996084169f9400c685üYuri ShkuroüSoftware Engineer, Uber
93ad438b2b96f228f1cbbcef85875510üRichard HartmannüMonitoring Lead, SpaceNet
948e7e9f719c1fdb7f7cfcad280745f6üJelmer SnoecküTech Lead, Manifold
9220e7eb707883e49ef6874598fa3364üDave DoyleüSoftware Engineer Manager, Connected
9220e7eb707883e49ef6874598fa3364üDylan O'MahonyüCloud Architecture Manager, Bose
dd20c2b61ccf8463432aa5e26b73d69füSatyam AgarwalaüLead Consultant, ThoughtWorks Australia
dd20c2b61ccf8463432aa5e26b73d69füMark AngrishüTech Area Lead - Engineering Acceleration, ANZ
2503a25332877a617bd84925b6df19ffüRob De Canha-KnightüTechnical Strategist, SUSE
a461e8ee7d0466a29262954ed67a3391üDavi ArnautüSite Reliability Engineer, Airbnb
a461e8ee7d0466a29262954ed67a3391üStephen ChanüSoftware Engineer, Airbnb
40a04e344760db8d53a16517852976e3üHuamin ChenüPrincipal Software Engineer, Red Hat
40a04e344760db8d53a16517852976e3üYuan ZhouüSenior Software Development Engineer, Intel
2908e5803e8394e7741e3fa33a478cd2üXiang LiüSenior Staff Engineer, Alibaba
2908e5803e8394e7741e3fa33a478cd2üWenjia ZhangüSoftware Engineer, Google
4ad8f0e830379308886a7fe2c479d83düAntoine LegrandüSoftware Engineering Manager, Red Hat
4ad8f0e830379308886a7fe2c479d83düChad SwensonüLead Software Engineer, AT&T
9dccec09c4c7208319c2b008bbb74818üMichael HausenblasüDeveloper Advocate, AWS
9dccec09c4c7208319c2b008bbb74818üSolly RossüSoftware Engineer, Google
cadc154cf548d1c85f1fc29592e412d9üJustin Santa BarbaraüSoftware Engineer, Google
cadc154cf548d1c85f1fc29592e412d9üNishi DavidsonüProduct & Engineering, K8s
27432ae6e3c8d565a06e6dcf7e52077büStephen AugustusüSr. Cloud Native Architect, VMware
27432ae6e3c8d565a06e6dcf7e52077büKhaled (Kal) HenidaküMicrosoft
bf67f765b254a9b89a406f3e43a1a8e2üPatrick LangüSenior Software Engineer, Microsoft
bf67f765b254a9b89a406f3e43a1a8e2üMichael MichaelüDirector of Product Management, VMware
587920b8ee1e36c8532e57dd39767ab2üJohn BelamaricüSenior Staff Software Engineer, Google
587920b8ee1e36c8532e57dd39767ab2üCricket LiuüChief DNS Architect, Infoblox
587920b8ee1e36c8532e57dd39767ab2üFrancois TurüEngineering Manager, Infoblox
15b0c95d3fce31eea0dd3a7b9a963cabüStefan SchimanskiüSenior Software Engineer, Red Hat
15b0c95d3fce31eea0dd3a7b9a963cabüMaciej SzuliküSoftware Engineer, Red Hat
920874cda64a7d3303000535d038f5b1üSean DruckerüPrincipal Engineer, Chick-fil-A
920874cda64a7d3303000535d038f5b1üAlexis RichardsonüFounder & CEO, Weaveworks
6826473c1932b00c99794e6e73ae57d2üSeth VargoüEngineer, Google
e5fc250424e2294bb8e1cdacdedbf934üChris GaunüGCS, Mesosphere
994cbfedf04490b555495117304a7ff1üRoss KukulinskiüProduct Manager, VMware
25afb5b99759729dae1986b0865bcb41üJorge CastroüHeptio
0ecb7ccd7b84c29b5e5c2dfdd6d6197büRoss KukulinskiüProduct Manager, VMware
7071c6c267cdee1ae59cdd933809db4büJorge CastroüHeptio
ab8a7baf5c911e13c4ccc3ce43567c0füPhilip LombardiüLead Platform Engineer, Datawire.io
73747ea46bd6f604f62273995823fd98üDiane MuellerüDirector, Community Development, Red Hat
73747ea46bd6f604f62273995823fd98üSebastien PahlüRed Hat
c855bf5459d37ea8499c2009d6078756üLita ChoüSenior Software Engineer, Lyft
c855bf5459d37ea8499c2009d6078756üJose NinoüSWE, Lyft
f0dfb80b0cbf544637e48ce5a7fd8c1eüAndrew KutzüStaff Engineer II, VMware
f6f54c8dad5589807bc0db795271d7e2üCraig McLuckieüCEO, Heptio
acf38a535bd197dcdccd6d8770b38d34üAnund McKagueüSenior Developer, Atlassian
b1839f26166193d25e003f66603b2af1üChris DutraüDirector, Site Reliability Engineering, Schireson
606f70ee509e01eb92d22e638ce5dd6eüJosh BerkusüCommunity Lead at Red Hat, Red Hat
606f70ee509e01eb92d22e638ce5dd6eüChuck HaüSystems Engineer, Heptio
606f70ee509e01eb92d22e638ce5dd6eüDoug MacEachernüSr Staff Engineer, VMware
606f70ee509e01eb92d22e638ce5dd6eüCaleb MilesüTechnical Program Manager, Google
cf2e579d68593713ff2b54be1aa8506düChris HogeüSenior Strategic Program Manager, OpenStack Foundation
cf2e579d68593713ff2b54be1aa8506düJago MacleodüEngineering Director, Kubernetes, Google
9406d4a33314866a70f49ed599bb6065üAlex ChircopüFounder and CTO, StorageOS
9406d4a33314866a70f49ed599bb6065üQuinton HooleüTechnical Vice President, Futurewei
3ca393617f2da714a3b37fa666efd389üWilliam MorganüCEO, Buoyant
ec50a13b96a5e80a82f1674c6de433eeüAaron CrickenbergerüSenior Test Engineer, Google
ec50a13b96a5e80a82f1674c6de433eeüSteve KuznetsovüSoftware Engineer, Red Hat
bc8025b4dd91b406645ac6e03aadb97büArvind SoniüProduct Lead, Isovalent Inc.
bc2906df8664e5d79d281073485851cbüJason KeeneüSenior Software Engineer, Pivotal
b4ce118546515f0840816cbf6b0ffb01üYang GuanüSoftware Engineer, Google
b81b58f72548050dbfd68e37ee83d3dbüPriyanka SharmaüDirector of Technical Evangelism, GitHub
6944d3ece059c66f358eed2b092434d2üMatt ButcherüPrincipal Software Engineer, Microsoft
d1ed46502d832eb1dff82c89a6a7f444üSteven ZouüStaff Engineer, VMware
0809fac550a91b388b93103aed985e86üRadu MateiüSoftware Engineer, Microsoft
0809fac550a91b388b93103aed985e86üMichelle NooraliüSoftware Engineer, Microsoft
7f502dd67b658ba3a3b013051c319c15üDan KohnüExecutive Director, Cloud Native Computing Foundation
96eddbd75dce55a45d07efa13dfbe558üMatthew MagaldiüAnalyst, BlackRock
96eddbd75dce55a45d07efa13dfbe558üVaibhav PageüAnalyst, BlackRock
15ad8ee6908d016a500286eb237c83b7üMatt LandisüSoftware Development Engineer, Amazon Web Services
e87e262409f041a272cf2cc943b1e8f6üPeter MacKinnonüPrincipal Software Engineer, Red Hat
2c174679d435d4222046a675e21ec6d7üSaad AliüSenior Software Engineer, Google
c67e29d6e4e5fde64004e2be32329546üTimothy ChenüSoftware Engineer, Cloudera
c67e29d6e4e5fde64004e2be32329546üTristan ZajoncüCTO of Machine Learning, Cloudera
eadc75d55523fa9e14223083b7c6d110üOliver GouldüCTO, Buoyant
1c63d86b2e9ac136c6ee18f10650536aüDan KozlowskiüLead Engineer, PlanetScale
1c63d86b2e9ac136c6ee18f10650536aüSugu SougoumaraneüCTO, PlanetScale
607de4dbffc9e3c086b478d0af3f4787üStanley CheungüSenior Software Engineer, Google
607de4dbffc9e3c086b478d0af3f4787üWenbo ZhuüSoftware Engineer, Google
6861031009b4f74f392ef9b26a8dacf7üDejan BosanacüSoftware Engineer, Red Hat
6861031009b4f74f392ef9b26a8dacf7üPreston HolmesüHead of IoT Solutions, Google Cloud
6861031009b4f74f392ef9b26a8dacf7üSteven WongüOpen Source Software Engineer, VMware
6861031009b4f74f392ef9b26a8dacf7üCindy XingüSenior Cloud Software Architect 高级云软件架构师, Futurewei
5036b2f3d04f41809919d50f243051fbüFrederic BranczyküSoftware Engineer, Red Hat
5036b2f3d04f41809919d50f243051fbüRichard HartmannüMonitoring Lead, SpaceNet
95b424c50389d114a338cd06c3c4e6afüEric AndersonüStaff Software Engineer, Google
61784cbb6f7089620692a9a73dc07cd4üNic CopeüStaff Software Engineer, Planet
61784cbb6f7089620692a9a73dc07cd4üNicholas TurnerüSoftware Development Engineer, Amazon
0ea109a0bf01aab275ff7bbfb314263aüDeepika DixitüMember of Technical Staff, Kasten
0ea109a0bf01aab275ff7bbfb314263aüVaibhav KamraüCTO, Kasten
d4239960a570677fbc3350778928a6caüTravis JeppsonüDirector of Engineering, Nav
1df0eda0045e87c85ab71229728605ccüSteven ZouüStaff Engineer, VMware
5f744837ccacedecb5209183b36bb06eüVic IglesiasüSolutions Architect, Google
51c4b6ceb0b48d262154e6deaa267169üNoah EisenüSoftware Engineer, Google
0b8e5497e0fa647bec8d3db3803370b5üAra PulidoüEngineering Manager, Bitnami
8ec06a3b2f4cb31b91ddcff9a3a00022üDavid AronchicküProgram Manager, Microsoft
8ec06a3b2f4cb31b91ddcff9a3a00022üJeremy LewiüSenior Software Developer, Google
ae511d2ba99e197067906474c1a27220üNick YoungüPrincipal Engineer 首席工程师, Atlassian
0d67635839ec169a73c6e21661170767üCarlos SanchezüPrincipal Software Engineer, CloudBees
a26fc9ba4868ae2a3057fee628e5b0e5üStephany SpencerüCluster Operations Engineer, USA TODAY NETWORK
f82b1206fa562684e71c018b49cb6917üDaniel ImbermanüSenior Software Engineer, Bloomberg
f82b1206fa562684e71c018b49cb6917üBarni SeetharamanüSenior SWE, Google
eeadb3d5109ee88ad3e8dea71b180d2aüLena HallüSenior Cloud Developer Advocate, Microsoft
cbb7d9e35f9c07796a024789564b0615üPhil EstesüDistinguished Engineer & CTO, Container Architecture Strategy, IBM Cloud
cbb7d9e35f9c07796a024789564b0615üDerek McGowanüSoftware Engineer, Docker
4bf1f33318abd09da5878ab1ed1b98dcüStephen AugustusüSr. Cloud Native Architect, VMware
4bf1f33318abd09da5878ab1ed1b98dcüIhor DvoretskyiüDeveloper Advocate, CNCF
acb3fefec25f78f4b9dc654a5d758c1füFrederic BranczyküSoftware Engineer, Red Hat
acb3fefec25f78f4b9dc654a5d758c1füRichard HartmannüMonitoring Lead, SpaceNet
c66db8c09f30a612ee05da70249639b6üAdnan AbdulhusseinüSoftware Engineer, Bitnami
c66db8c09f30a612ee05da70249639b6üRafael SchlomingüCo-founder and Chief Architect, Datawire
9036a87647fda60c1a460374b918c622üTorin SandallüSoftware Engineer, Styra
89e5db177e8f05bec198d4d9a6be4cf6üTomofumi HayashiüSenior Software Engineer, Red Hat
cbc3233f94a45e44d6f7befdbcc50fa1üTim SimmonsüEngineer, DigitalOcean
57e23179b06a8245ecd30325371b88f4üNicolas TrangezüR&D Architect, Scality
f5d42e69925c400cbec133ebbe1239beüEvan GilmanüEngineer, Scytale
f5d42e69925c400cbec133ebbe1239beüMatt MoyerüSecurity Engineer, Heptio
bb2b611995b8a9765ac5013ae313c68aüNoah EisenüSoftware Engineer, Google
f10c3b00bb209df5109c977932165a01üAdnan AbdulhusseinüSoftware Engineer, Bitnami
bf9963048d9746593ebfb1c0390cac5düChristian PostaüChief Architect, Cloud Application Development, Red Hat
47f8a895727e6759bd0ea8af8eab791aüSylvain HellegouarchüCTO, ChaosIQ
ca5f619c1d2d0e55ec1a01c042cf8fb6üJavier Diaz-MontesüSoftware Engineer, Two Sigma
ca5f619c1d2d0e55ec1a01c042cf8fb6üAndrzej (Andrew) KochutüVice President, Two Sigma
8ae02e9b2cf1b071f714361e9459a989üDaniel JonesüCTO, EngineerBetter Ltd
287a86d0e22a66774b80fe96747005eeüKarthik GaekwadüPrincipal Engineer, Oracle
287a86d0e22a66774b80fe96747005eeüNeependra KhareüFounder, CloudYuga Technologies
0f7e36115e7aa97ccffbe11b05619dd8üSrinivas R BrahmaroutuüSoftware Engineer 软件工程师, IBM
0f7e36115e7aa97ccffbe11b05619dd8üWei HuangüSoftware Engineer, IBM
59e943b0069e5147a9efb6caae6557b3üShrinand JavadekarüPrincipal Engineer, Intuit
ec80bb1c3c98a724c5ac991d6d37db47üClemens VastersüPrincipal Architect, Azure Messaging, Microsoft
ec80bb1c3c98a724c5ac991d6d37db47üCathy ZhangüPrincipal Architect, Huawei
71002354874e29d74e51afe03d55bdaaüAlex ChircopüFounder and CTO, StorageOS
71002354874e29d74e51afe03d55bdaaüQuinton HooleüTechnical Vice President, Futurewei
58c84535d992755ee30772889303b9fdüAaron CrickenbergerüSenior Test Engineer, Google
58c84535d992755ee30772889303b9fdüDan KohnüExecutive Director, Cloud Native Computing Foundation
bcbe1ceb1afa2a4fee8d311f51dfc09eüPavol LoffayüSoftware Engineer, Red Hat
bcbe1ceb1afa2a4fee8d311f51dfc09eüYuri ShkuroüSoftware Engineer, Uber
854fd4bc25762088472345575d1c8d07üDa MaüKubernetes Maintainer, SIG-Scheduling Co-Leader, Volcano leader, Huawei
1b049ffb352939aaa5fdf724aae58554üMichael GrosserüFounder, Okkur Labs
1b049ffb352939aaa5fdf724aae58554üJake SandersüSWE for GKE Security, Google
3250b728ccbdaa010f10d6820bb871d4üSabree BlackmonüSenior Security Engineer, Docker
cb47dc8e9a93105e3fdd6c3b26467a9eüAshley SchuettüSoftware Engineer, Containership
047b432cc8e5f918b106837456f73aedüSpike CurtisüSenior Software Engineer, Tigera
047b432cc8e5f918b106837456f73aedüMike DaneseüSoftware Engineer, Google
c27fa958d6b9eac3dc0765e97f4848e9üJanet KuoüSoftware Engineer, Google
ec035c0da81979c15167ce756efd6da7üMatt SchallertüSite Reliability Engineer, Uber
ec035c0da81979c15167ce756efd6da7üCelina WardüSoftware Engineer, Uber
06f4d12fce917732be823be7af1e7b25üJanet KuoüSoftware Engineer, Google
61108e1a64f62415dfa3141746151ec4üRob SzumskiüPrincipal Product Manager for OpenShift, Red Hat
2a3adad28d5304f3eb77ab0d39e2f015üKelsey HightowerüStaff Developer Advocate, Google
ed5a49b981f1901be8c4d2c5dae91893üJanet KuoüSoftware Engineer, Google
ed5a49b981f1901be8c4d2c5dae91893üLiz RiceüTechnology Evangelist, Aqua Security
fe0df8aebe03ed7e2e410c18d2de031aüDiane MuellerüDirector, Community Development, Red Hat
58e590e4a194268364a468cca4c582d6üSteven Renüsenior R&D manager, Harbor
8e89e2ec373087f8edbba54caf62dd85üFrederick KautzüPrincipal Software Engineer, Red Hat
8e89e2ec373087f8edbba54caf62dd85üEd WarnickeüEd Warnicke, Cisco Systems
1ffdf7f4e7eda2fac15d72db673b94a1üJames WebbüMember of Technical Staff, T-Mobile
41265d3e436956e6e8bf10eb38d8a027üDaniel SmithüStaff Software Engineer, Google
858e067b4fb266e9cba7f17fe143c492üTim AllclairüSoftware Engineer 软件工程师, Google
858e067b4fb266e9cba7f17fe143c492üJordan LiggittüStaff Software Engineer, Google
c13e6ad1cd42ef3b206ca52c88497762üMaciej SzuliküSoftware Engineer, Red Hat
c13e6ad1cd42ef3b206ca52c88497762üJuan VallejoüSoftware Engineer, Red Hat
208b9332cdbe829b67a9ba7059c8ac0düChris HogeüSenior Strategic Program Manager, OpenStack Foundation
208b9332cdbe829b67a9ba7059c8ac0düJago MacleodüEngineering Director, Kubernetes, Google
a8b04eb9701c611ed785ea8bee071fe4üPavol LoffayüSoftware Engineer, Red Hat
a8b04eb9701c611ed785ea8bee071fe4üYuri ShkuroüSoftware Engineer, Uber
77d0f2849c54744eb74c7ec2657e0824üPaul MorieüPrincipal Software Engineer, Red Hat
77d0f2849c54744eb74c7ec2657e0824üIrfan Ur RehmanüSenior Engineer, Huawei
1cc7a0e9205780eb987e3b9f8fd5876düHirotaka IchikawaüEngineer, Actapio, Inc.
1cc7a0e9205780eb987e3b9f8fd5876düRyutaro InoueüSenior Manager, Yahoo Japan
6ac5f4db383c547642ccd3cff450941düLita ChoüSenior Software Engineer, Lyft
272a7496deb731ff27bddbf94961a613üSebastian ScheeleüCEO, Loodse
4e7e692012ce7d9078461c825c1c4ac9üNoah EisenüSoftware Engineer, Google
d20c8c3bd0beeef94f004ccd83a1e5d7üJustin CormacküSecurity Engineer, Docker
5ab5e34372c33549b07d11a95f991194üHuamin ChenüPrincipal Software Engineer, Red Hat
5ab5e34372c33549b07d11a95f991194üYehuda Sadeh-WeinraubüSenior Principal Software Engineer, Red Hat
e78a54fb756b9d774da7d483f8c6d697üMatt TurnerüCTO, Native Wave
72db9d48a7084a4b40d36c9f4d69f25büWesley AshkinazyüDeveloper, ObjectRocket
72db9d48a7084a4b40d36c9f4d69f25büSteve CroceüProduct Manager, ObjectRocket
4876869fa5cf7341eb2a68b2e2c57798üDan KohnüExecutive Director, Cloud Native Computing Foundation
862b957fba89a26d0260cda8bf294188üSteven Renüsenior R&D manager, Harbor
de9b8d9ab5106af658e98d0286934459üParis PittmanüKubernetes OSS Strategy, Google
034074af5f297beb5ee4d50c242396c4üSteven Renüsenior R&D manager, Harbor
9d4f32f9247650587703ef20e2389b44üLucas KäldströmüCNCF Ambassador, Independent
eb28042f808b028f0b3d4efe8fb8c14eüDavid Van DuzerüSoftware Engineer, Internet Archive
eb28042f808b028f0b3d4efe8fb8c14eüTracey JaquithüTV Architect, Internet Archive
00168d849729699da5fd532266fd9cefüNail IslamovüSenior Developer, Atlassian
021f26238ac15771ca4e54dd87618c51üStefan SchimanskiüSenior Software Engineer, Red Hat
021f26238ac15771ca4e54dd87618c51üDaniel SmithüStaff Software Engineer, Google
53924084489e6a42f92e00bc8cc47168üAdnan AbdulhusseinüSoftware Engineer, Bitnami
53924084489e6a42f92e00bc8cc47168üMatt FarinaüSr. Staff Engineer, Samsung SDS
6be2cefa4548d27f261f5afb10fe4724üMasahiro NakagawaüPrincipal Engineer, ARM Treasure Data
6be2cefa4548d27f261f5afb10fe4724üEduardo SilvaüPrincipal Engineer, Arm / Treasure Data
0ba1ffe2f4e2b7617e65d57f2abca91füZhipeng HuangüPrinciple Engineer, Huawei
25012c443bca0a8e60ff5569120bb312üTorin SandallüSoftware Engineer, Styra
4b49fe68fef714b8a2c223c7ef384d9eüTravis NielsenüSenior Principal Software Engineer, Red Hat
9878560a77657a74a807e9f6db930f67üDoug SmithüSenior Software Engineer, Red Hat
9878560a77657a74a807e9f6db930f67üDan WilliamsüPrincipal Software Engineer, Red Hat
337fdd277ec50252ed03826670f1e7feüMikolaj PawlikowskiüSoftware Engineer, Bloomberg
a9b0c79fdfa3dc878ddda2214a06f8e2üShyam JeediguntaüSoftware Engineer, Amazon
a9b0c79fdfa3dc878ddda2214a06f8e2üMaciek RóżackiüProduct Manager | Kubernetes & GKE, Google
5b0fff3a7b90e342e190bba2c235b52düJames RansonüPrincipal Software Architect, Comcast
5b0fff3a7b90e342e190bba2c235b52düShilla SaebiüOpen Source Program Manager, Comcast
cfb6e6be5d7920015f76cb31de41e33füAriel ShuperüSr. Director Product Management, Aqua Security
04c7bcd33b4a3b1c247d5048b47113c3üChristopher WoodsüResearch Software Engineer, University of Bristol
a86c324834a2aef897ee9e47ba6f4dffüJason McGeeüIBM Fellow, IBM
a86c324834a2aef897ee9e47ba6f4dffüZack ButcherüFounding Engineer, Tetrate
a86c324834a2aef897ee9e47ba6f4dffüTamar EilamüIBM Fellow, IBM Research, IBM
a86c324834a2aef897ee9e47ba6f4dffüWilliam MorganüCEO, Buoyant
a86c324834a2aef897ee9e47ba6f4dffüLouis RyanüPrincipal Software Engineer, Google
42a7b4f9281aff51fc11da79988cf8b9üDan NorrisüSenior Cloud Native Engineer, NetApp
86833bf1b871d00cef5c3ff042cf2d9düJosh DolitskyüSenior Software Engineer, Codefresh
685216d39f1920e1f360eda562cfca11üJared WattsüFounding Engineer, Upbound
923597d7a521073c4e1c144640159364üJared WattsüFounding Engineer, Upbound
d3fdd2041f2d23fbb22a0fd9cb3f9f5büJulien BiscontiüSite Reliability Engineer, Independent
d3fdd2041f2d23fbb22a0fd9cb3f9f5büSylvain HellegouarchüCTO, ChaosIQ
e179761556186ed9c858910f863f7f80üKeith LabanüSenior Software Engineer, Bloomberg
e179761556186ed9c858910f863f7f80üAnia MusialüSenior Software Engineer, Bloomberg
925e9aa7fdf91d3111e08ba5786d6427üSolly RossüSoftware Engineer, Google
925e9aa7fdf91d3111e08ba5786d6427üPhillip WittrocküSWE, Google
49b5ab399f54569417654d0427b0b336üTimothy St. ClairüKubernetes Steering Committee Member, VMware
49b5ab399f54569417654d0427b0b336üLiz FrostüSoftware Engineer, Heptio
bdd48109d32da8c68c15ee0900f02409üBryan BorehamüDirector Software Engineering, Weaveworks
bdd48109d32da8c68c15ee0900f02409üDan WilliamsüPrincipal Software Engineer, Red Hat
3b5d5f6b7be888aaf06b1f9aea85be7füGreg CastleüKubernetes/GKE Security Tech Lead, Google
3b5d5f6b7be888aaf06b1f9aea85be7füMike DaneseüSoftware Engineer, Google
26cd1e5790bc60647003cd90dae49894üRichard TheisüSenior Software Engineer, IBM
26cd1e5790bc60647003cd90dae49894üSahdev ZalaüSenior Software Engineer, IBM
c52e10523250f61076abbe29d0951114üJonathan BerkhahnüOpen Source Contributor, IBM
c52e10523250f61076abbe29d0951114üCarolyn Van SlycküSoftware Engineer, Microsoft
27fcd5dd7023a2d95419a68575a7d429üEmiliano BerenbaumüCTO, Scytale
27fcd5dd7023a2d95419a68575a7d429üAndrew HardingüSoftware Engineer, Scytale
d84415074c3e7e533bf44f21cc558237üKristen JacobsüPrincipal Software Engineer, Oracle
11314bbc1f05bd25d5e124e96b138e06üNitzan ShapiraüCEO, Epsagon
2d7dba8ef8f8a405dba27297959a1c52üKris NovaüIndependent
401acd619098a9b327eccebbb8f4e0e9üLorenzo FontanaüSRE, Sysdig
7ef424cfc04b3506f2426d7ece39aac5üDaniel WalshüConsulting Engineer, Red Hat
827a416e3e2ec076118e8d43f1d02992üRam GopinathanüPrincipal Technology Architect, T-Mobile
0c322eb94ac765e3c0f9407400e85a34üAustin AdamsüSoftware Development Manager, Ygrene Energy Fund
0c322eb94ac765e3c0f9407400e85a34üZachary ArnoldüSoftware Engineer, Ygrene Energy Fund
145708b71dc00a8156fe6019083369b0üDaniel HochmanüSr. SWE, Lyft
005f368fc6076f50a58d4daad6752666üPuja AbbassiüDeveloper Advocate, Giant Swarm GmbH
b0a318f71cbbca239c2b3376a29f9496üJeyappragash Jeyakeerthiütetrate.io
b0a318f71cbbca239c2b3376a29f9496üDan ShawüGlobal Head of Developer Relations, PayPal
b56d2fda383ffbf779079aa39ea59d2cüJason PlumüSr Distribution Engineer, GitLab
35dffb73eb1fc1173fbd1862b38d0881üDavid ZhuüSoftware Engineer, Google
e79bf1167d1cfebfd0f80f08f05ee9beüMichael HausenblasüDeveloper Advocate, AWS
e79bf1167d1cfebfd0f80f08f05ee9beüSolly RossüSoftware Engineer, Google
25cbd365879097ec88c6d91bfa3722a3üStephen AugustusüSr. Cloud Native Architect, VMware
25cbd365879097ec88c6d91bfa3722a3üKhaled (Kal) HenidaküMicrosoft
88a7da6d3e71505afbfc09e5ab2dd647üJoe KutnerüArchitect, Salesforce Heroku
88a7da6d3e71505afbfc09e5ab2dd647üTerence LeeüPrinciple Engineer, Salesforce Heroku
1c61865c108e170c176dbcfe556bd777üRobert BaileyüSoftware Engineer, Google
1c61865c108e170c176dbcfe556bd777üDavid E WatsonüSoftware Engineer, Individual
dea9d4ac411b2ace4422cfd5aa084ecbüDejan BosanacüSoftware Engineer, Red Hat
dea9d4ac411b2ace4422cfd5aa084ecbüPreston HolmesüHead of IoT Solutions, Google Cloud
dea9d4ac411b2ace4422cfd5aa084ecbüSteven WongüOpen Source Software Engineer, VMware
dea9d4ac411b2ace4422cfd5aa084ecbüCindy XingüSenior Cloud Software Architect 高级云软件架构师, Futurewei
1ada61d28457d6aca972c03b9c05fe80üJustin CapposüProfessor, New York University
1ada61d28457d6aca972c03b9c05fe80üTrishank KuppusamyüChief Security Solutions Engineer, Datadog
c7d12c9d2fe15ec34f9487d6e06b434düHeather KirkseyüOPNFV Director, The Linux Foundation
66dee5f0bfcf3b79d7f5ddf321fd2985üJaana B. DoganüEngineer, Google
66dee5f0bfcf3b79d7f5ddf321fd2985üMorgan McCleanüProduct Manager, Google
cc69fc21ee434090cc883515811d15c7üAllen SunüSenior Software Engineer, Alibaba Cloud
cc69fc21ee434090cc883515811d15c7üSteven ZouüStaff Engineer, VMware
89db412a431c23d7a5fb8e58c82c008düLeigh CapiliüInfrastructure Engineer, Beatport
89db412a431c23d7a5fb8e58c82c008düJohn SlivkaüInfrastructure Engineer, Beatport
00236a237863caac29d2b6ec108b3c5aüChris AniszczyküCTO/COO, Linux Foundation (CNCF)
00236a237863caac29d2b6ec108b3c5aüJeffrey BoreküWW Program Director, IBM
00236a237863caac29d2b6ec108b3c5aüPatrick ChanezonüChief Developer Advocate, Docker
00236a237863caac29d2b6ec108b3c5aüRithu Leena JohnüSr. Software Engineer, CoreOS/Red Hat
7200907ca370313d2c4b07632e21543büJoseph BurnettüSoftware Engineer, Google
7200907ca370313d2c4b07632e21543büMark ChmarnyüTechnical Program Manager, Serverless, Google
a8facdf397e8eccf47d9eb3c3ced9b92üConstance CaramanolisüSoftware Engineer, Lyft
3d87b3fe308ed0bab1194545a8c95cd7üAlex CharisüSenior Software Engineer, HubSpot
3d87b3fe308ed0bab1194545a8c95cd7üTom PetrüEngineering Lead, HubSpot
f796dc4762bf4cc8d2fa9f1b61a770c9üJorge CastroüHeptio
bd6505e4f33dd5f87f9867ae4c0c9cd3üJorge CastroüHeptio
0e217562befa149407846470adb08c5büDee KumarüVice President, Developer Marketing, Linux Foundation
0e217562befa149407846470adb08c5büJanet KuoüSoftware Engineer, Google
0e217562befa149407846470adb08c5büLiz RiceüTechnology Evangelist, Aqua Security
f4996772ded1de84c7406c1167f0aec6üAndrew HodgesüEngineering Manager, HomeAway
f4996772ded1de84c7406c1167f0aec6üMark TyrrellüPrincipal Architect, HomeAway
f9a8c4d6bfd3e94087a65e8e3ae14a52üBrendan BurnsüDistinguished Engineer, Microsoft
124450322fa4ba3aef14c0a8de151d9büJohn BelamaricüSenior Staff Software Engineer, Google
124450322fa4ba3aef14c0a8de151d9büMichael GrosserüFounder, Okkur Labs
80b7b472a73ac360e3a055f736ebf8e7üMark StemmüSenior Software Engineer, Sysdig
eb21070daf94659b8a859596def469c1üKatharine BerryüSoftware Engineer, Google
eb21070daf94659b8a859596def469c1üCole WagnerüSoftware Engineer, Google
959669202f40c8435a3c560126253046üBrian GoffüSenior Software Engineer, Microsoft
959669202f40c8435a3c560126253046üJeremy RickardüSenior Software Engineer, Microsoft
65b02a7b5c279618e367f2f5fe411a38üMichael GaschüApplication Platform Architect 应用平台架构师, VMware
65b02a7b5c279618e367f2f5fe411a38üSteven WongüOpen Source Software Engineer, VMware
c23b1a6ac79e506e7b75be1293f54f77üJun LiüPrincipal Architect, eBay
c23b1a6ac79e506e7b75be1293f54f77üViswa VutharkarüSr. MTS, eBay
35a98eaf623c354e4fd5ed4dc47a1b56üJonathan OwensüSite Reliability Engineer, New Relic
35a98eaf623c354e4fd5ed4dc47a1b56üMaryum StylesüSite Reliability Engineer, New Relic
dfa3655a3745f162dd10718d9fd6fd21üAlexander BrandüSystems Software Engineer, Heptio
5c8c7dcca838ad76981a8a9f2b1bce38üXu WangüSenior Staff Engineer, Ant Financial
00d46e837c64204d5d3f8a28218fa1bbüJoel SpeedüCloud Infrastructure Engineer, Pusher
ef913b8fb6c658278dc931f29ec515d7üJessie ZhuüSoftware Engineer Manager, Tools and Infrastructure 软件工程师经理，工具和基础架构, Google
15848db1fc7a6af2f7efb347f5f275b7üJohn MorelloüCTO, Twistlock
ab1dd1c6c3769b113b331abda814b88düPatrick GalbraithüPrincipal Platform Engineer, Oracle
e30d9b81bc6c60f9d75973ff5fa84c62üMatt ButcherüPrincipal Software Engineer, Microsoft
e30d9b81bc6c60f9d75973ff5fa84c62üAdam ReeseüSoftware Engineer, Microsoft
a9dcc05a76a602546cd62999ee1deddaüAdriano CunhaüSoftware Engineer, Tools and Infrastructure, Google
a9dcc05a76a602546cd62999ee1deddaüJessie ZhuüSoftware Engineer Manager, Tools and Infrastructure 软件工程师经理，工具和基础架构, Google
c070cd41f4d8a6f19da15d0f5a92e552üPriyanka SharmaüDirector of Technical Evangelism, GitHub
c070cd41f4d8a6f19da15d0f5a92e552üBrendan AyeüDirector, Platform Architecture, T-Mobile
c070cd41f4d8a6f19da15d0f5a92e552üMelissa ChapmanüDirector of IT - PaaS & Config Mgmt, CVS Health
c070cd41f4d8a6f19da15d0f5a92e552üJasmine JamesüSr Systems Engineer, Delta Air Lines
c070cd41f4d8a6f19da15d0f5a92e552üMatt KleinüSoftware Engineer, Lyft
0dc1a81fcd8d2fb51bcb8afa617f9740üHaowei CaiüSoftware Engineer, Google
0dc1a81fcd8d2fb51bcb8afa617f9740üWenjia ZhangüSoftware Engineer, Google
5246ee672e4659d9f2ad05b394be78fcüErik ErlandsonüPrincipal Software Engineer, Red Hat
5246ee672e4659d9f2ad05b394be78fcüYinan LiüSoftware Engineer, Google
c73c515bcbba008c4a1f99cc802bc2c8üTan JiangüStaff Engineer, VMware
c73c515bcbba008c4a1f99cc802bc2c8üSteven ZouüStaff Engineer, VMware
4fb59025aed39017f601a31cabce25bbüWaldemar QuevedoüSoftware Engineer, Synadia Communications, Inc
4fb59025aed39017f601a31cabce25bbüColin SullivanüProduct Manager, Synadia
b9f3e5d94ffb123b626a3f8de047bf10üBabak SalamatüStaff Software Engineer, Google
bca40300b38921c169f342a742b0deceüRob SzumskiüPrincipal Product Manager for OpenShift, Red Hat
bca40300b38921c169f342a742b0deceüChance ZibolskiüSoftware Engineer, Red Hat
ce7f2dbc83ab92325e5bb8f820f6260cüJustin Santa BarbaraüSoftware Engineer, Google
ce7f2dbc83ab92325e5bb8f820f6260cüJeff JohnsonüSoftware Engineer, Google
d278a24354fcd98c3f500e32f2ed4605üNaga Ravi Chaitanya ElluriüSoftware Engineer, Red Hat
d278a24354fcd98c3f500e32f2ed4605üSebastian JugüSoftware Engineer, Red Hat
72e4e5940cf657d333b0b19ff1384d7aüRicardo AravenaüWebsite Operations Manager, Rakuten
72e4e5940cf657d333b0b19ff1384d7aüJames BottomleyüDistinguished Engineer, IBM
50aeb0e28f476b506e83ae4117fff24düGreg CastleüKubernetes/GKE Security Tech Lead, Google
50aeb0e28f476b506e83ae4117fff24düShane LawrenceüSecurity Infrastructure Engineer, Shopify
1a8cb40e30ac7487993e672b89ea0de2üPatricio DiazüSenior Analyst, Vision Banco SAECA
1a8cb40e30ac7487993e672b89ea0de2üAlex EllisüFounder, OpenFaaS Ltd
ba271943abda6f804a67bffcbf752d07üChristopher LucianoüAdvisory Software Engineer, IBM
6e345db8b65c2282167e3f552b21a2e9üJared WattsüFounding Engineer, Upbound
