48efcfc2382ae91c65a509bcb1323a88üSean Michael KernerüJedi, eWeek / InternetNews / eSecurity Planet
48efcfc2382ae91c65a509bcb1323a88üFrederic LardinoisüNews Editor, TechCrunch
a26965d9720035da90365756d0e17246üBeatriz Martínez RubioüCloud Engineer, IBM
60b42b610a13993bfde95431d4b2df63üVladimir VivienüSoftware Engineer, VMware
7421810e408f0d8e9bb203a1889ef66aüFernando DiazüSoftware Engineer, IBM
b9aa6fded8eac23badb08fe4b017af8aüJames WenüSenior Site Reliability Engineer, Spotify
9c9a3814f089900a626f827d83d7527büHannah FoxwellüAssociate Director, Pivotal
5128b32980b4b2b0373905101c9faf26üAntoine LegrandüSoftware Engineering Manager, Red Hat
6592d145e98f7bdbb6553bb26442749düPiotr SzczesniaküSenior Software Engineer, Google
6581550dd69e4eccfc6f2f530033a5f6üRuben D OrduzüMember Technical Staff, VMware
ca3b4bf5c0bfa86e0d6ae3d58b809430üRisha MarsüSoftware Engineer, Buoyant
725be18bfe35c22104469a4c42a9c9d5üZach ArnoldüDevOps Engineering Manager, Ygrene Energy Fund
3603a09534eca7e8d3f0a8ff07f457a3üOlive PowerüArchitect, VMware
aa6a2ecade2621dadd9500f58b22b675üJoel SpeedüCloud Infrastructure Engineer, Pusher
e07702cc9df3cad3594d9f49292bd580üKaslin FieldsüCloud Advocate, Oracle
43e6c8e96bf834ca8a51acd6e623307cüRenaud GaubertüSoftware Engineer, NVIDIA
f202ffd8110e4626ba3cdea3ab6ddf99üMatthias BertschyüLead DevOps Engineer, Swissquote Bank
2628b7c3c57f2f2b14e74e5a0e8e10a6üEduard IacoboaiaüSenior System Administrator, Booking.com
11aca575cec827a8cc73e380eba5b966üLewis Denham-ParryüInstructor / Co-Founder, learnk8s.io / CloudNativeWales
8ba3a7f7b10948c52e4c4cb7fda4c551üJoab JacksonüManaging Editor, The New Stack
8ba3a7f7b10948c52e4c4cb7fda4c551üAlex WilliamsüFounder & Editor-in-Chief, The New Stack
8ba3a7f7b10948c52e4c4cb7fda4c551üBob QuillinüVP Developer Relations, Oracle Cloud
8ba3a7f7b10948c52e4c4cb7fda4c551üJon GirvenüCo-Founder & CTO, Sauce
8ba3a7f7b10948c52e4c4cb7fda4c551üAnt KennedyüCTO, Gapsquare
8ba3a7f7b10948c52e4c4cb7fda4c551üBola RotibiüFounder & Research Director, Creative Intellect Consulting
3d40bdd5bd6e6c1fa4c5381af6fd89d9üDan KohnüExecutive Director, Cloud Native Computing Foundation
b5df02b7c510a18245e970ef1a185bddüCheryl HungüDirector of Ecosystem, CNCF
f189f8d8434a9fcdf35b626759c7a8cbüBryan LilesüSenior Staff Engineer, VMware
ba7f07aefe1767dc69347b14a6c3a95aüOliver GouldüBuoyant, CTO
05038ee9203ae7a6fcf66e671b5c97f2üUrvashi MohnaniüSoftware Engineer, Red Hat
5efe0cc15a76b6abe2262ee95bb4fd6düBen SigelmanüCEO and Co-founder, LightStep
5efe0cc15a76b6abe2262ee95bb4fd6düMorgan McCleanüProduct Manager, Google
d20dfcaf598d326594cf11edf29a88f1üEduardo SilvaüPrincipal Engineer, Arm / Treasure Data
d493f52ce09a526dc3c62482b756972eüVijoy PandeyüVP/CTO Cloud, Cisco
36497824e88912ab945c3f345898ba0büLucas KäldströmüCNCF Ambassador, Independent
36497824e88912ab945c3f345898ba0büNikhita RaghunathüSoftware Engineer, Loodse
4e07555cf1c4ec5d967051a63cc11db4üBryan LilesüSenior Staff Engineer, VMware
ea3495a2d076d3821b3ac39b235d7812üAkihiro SudaüSoftware Engineer, NTT
9d7072e7afa029bd1f46b406bb9041cfüSebastian ScheeleüCEO, Loodse
9d7072e7afa029bd1f46b406bb9041cfüSimon PearceüSystem Architect, SysEleven
3bfe91da65e47c0aad3ef8a8ec65e9dcüAndrew MartinüCo-founder, Control Plane
0a7e1dc16047577f97bf92db11042f69üDr. Jennifer AkullianüFounder/IO Psychologist, Growth Coaching Institute
2ecee33368770134d2af9b11da4601a7üAdel ZaalouküSenior Software Engineer, SAP
7b4349f4f71dcbdaadc580907566449aüMarcin WielgusüSenior Software Engineer, Google
1f5c2ef93c5e8de5c2de54f3b1362d1düLucina StrickoüProduct Manager, Vulk Coop & CNCF
1f5c2ef93c5e8de5c2de54f3b1362d1düDenver WilliamsüProject Co-Lead, cncf.ci, Vulk Coop & CNCF
4b7b12b41425846d08e8b49fb0ab7e99üBryan BorehamüDirector Software Engineering, Weaveworks
4b7b12b41425846d08e8b49fb0ab7e99üTom WilkieüVP Product, Grafana Labs
b52da02625300925c3d75bcdb0ae0032üClaire LaurenceüSenior Technical Program Manager, Pivotal
b52da02625300925c3d75bcdb0ae0032üTim PepperüOpen Source Engineer, VMware
8d70f6d3436b05788322c5bb410f858düTasha DrewüProduct Manager, VMWare
8bca12cce74ece893341ada167f5ab48üJonathan BerkhahnüOpen Source Contributor, IBM
6daca46c9852693891fcd314c1f0b526üBowei DuüStaff Software Engineer, Google
6daca46c9852693891fcd314c1f0b526üRohit RamkumarüSoftware Engineer, Google
7cbb708191abc3417a8cac24381d7662üFabio GiannettiüSenior Consultant, MasterCard
7cbb708191abc3417a8cac24381d7662üAllison RichardetüSoftware Engineer, OCI
b999d2de21d10122bb4c67d03985a6f5üCody GibbüSoftware Engineer, Uber
b999d2de21d10122bb4c67d03985a6f5üYiran WangüSoftware Engineer, Uber
2322814ecbe2d3cd24e1155dcef8317cüYonggang LiuüSenior Software Engineer, Google
2322814ecbe2d3cd24e1155dcef8317cüQuanjie LinüSoftware Engineer, Google
50678871e3f29e7cc640c3cc7646062düDavid GageotüDeveloper Advocate, Google
76f1be4b6ea223914bb3e1f729ea6d4eüBen SigelmanüCEO and Co-founder, LightStep
76f1be4b6ea223914bb3e1f729ea6d4eüMorgan McCleanüProduct Manager, Google
76f1be4b6ea223914bb3e1f729ea6d4eüBogdan DrutuüGoogle
8f4b889a5f64e44d60d610d8116e9e8düDavid ZhuüSoftware Engineer, Google
8f4b889a5f64e44d60d610d8116e9e8düJan ŠafráneküSoftware Engineer, Red Hat
31bc79860c7e28bab523c159ce0e6ad5üAna CalinüSystems Engineer, Paybase
31bc79860c7e28bab523c159ce0e6ad5üLuke BondüCo-founder, ControlPlane
3700904480d79a62c4056795979cae01üSebastien GoasguenüCofounder & CTO, TriggerMesh
b3d2bca8a9934724a71def8e5862640cüChris CroneüEngineering Manager, Docker
0423ba7da32b95b4aa8a10b1a712e730üJohannes UntersteinüSoftware Engineer, Neo4j
c7a84b537a42e61ee6f7e81bd9298bdcüGareth RushgroveüDirector of Product Management, Snyk
767d67e0dd22f8ac69bf63e5ac538cb1üAhmet Alp BalkanüDeveloper Advocate, Google
767d67e0dd22f8ac69bf63e5ac538cb1üMaciej SzuliküSoftware Engineer, Red Hat
08bb2e24f470336626710f13903561c7üCraig PetersüPrincipal Program Manager, Microsoft
08bb2e24f470336626710f13903561c7üStephen AugustusüSr. Cloud Native Architect, VMware
6e851cb68d386ed1b5e1e66cab0a2701üScott NicholsüSoftware Engineer 软件工程师, Google
6e851cb68d386ed1b5e1e66cab0a2701üKlaus DeissnerüDevelopment Architect, SAP
e4b58d70c98e494f5310998020a006abüMatt FisherüSoftware Engineer, Microsoft
e4b58d70c98e494f5310998020a006abüMichelle NooraliüSoftware Engineer, Microsoft
6fc1fe2b62d6ca1fabe80369bdb6c533üFrederic BranczyküSoftware Engineer, Red Hat
bfb8f18da25276efe96c0176b38580f5üWilliam MorganüCEO, Buoyant
898b0bb47ee569d174e66a6391bccc3düEd WarnickeüDistinguished Consulting Engineer, Cisco
898b0bb47ee569d174e66a6391bccc3düFrederick F. Kautz IVüHead of Edge Infrastructure, Doc.ai
f6b386ed1c2a917ea78c00b1d32660d0üScott EmmonsüPrincipal Engineer, Scytale
f6b386ed1c2a917ea78c00b1d32660d0üEmiliano BerenbaumüCTO, Scytale
bc01dcaa15b2b7e6ef9270edaa228e8füJohn PlevyaküSoftware Engineer, Google
bc01dcaa15b2b7e6ef9270edaa228e8füDhi AurrahmanüSoftware Engineer, Tetrate
35830bda256ddc8fb18f437bde411741üHenning JacobsüHead of Developer Productivity, Zalando SE
0e64d55531346e6ec61ad7bc54fdbe5cüJosh BerkusüCommunity Lead at Red Hat, Red Hat
8240a0b1edf76c33818e80a7304f45a0üPradipta BanerjeeüSenior Technical Staff Member, IBM
8240a0b1edf76c33818e80a7304f45a0üHarshal PatilüAdvisory Systems Software Engineer, IBM
8b2a7890d8f0e433ea36915ee86f26edüDiem VuüSoftware Engineer, Google
8b2a7890d8f0e433ea36915ee86f26edüQuanjie LinüSoftware Engineer, Google
a350f0ecda6c58da9ece1fe44bd0b412üKevin LingerfeltüSoftware Engineer, Buoyant
5dd395d7c09464d130b98aafb305620büBob KillenüResearch Cloud Administrator, University of Michigan
5dd395d7c09464d130b98aafb305620büLindsey TullochüStudent, Brock University
ce66c6f25b7ac6e731639447b54337d4üAllison RichardetüSoftware Engineer, OCI
ce66c6f25b7ac6e731639447b54337d4üIvan PedrazasüSolutions Architect, State Street
ce66c6f25b7ac6e731639447b54337d4üAlexis RichardsonüFounder & CEO, Weaveworks
ce66c6f25b7ac6e731639447b54337d4üLaura TachoüDirector of Engineering, CloudBees
ce66c6f25b7ac6e731639447b54337d4üTracy MirandaüDirector of Open Source Community, CloudBees
77c44d7ac32efd41f0f70d300c82b41eüDavid BenqueüSenior Software Engineer, Amadeus
77c44d7ac32efd41f0f70d300c82b41eüCédric LamorinièreüPrincipal Software Engineer, Datadog
0583e545ff4397696f4449024a7c54acüPhillip WittrocküSWE, Google
0583e545ff4397696f4449024a7c54acüMaciej SzuliküSoftware Engineer, Red Hat
a1a0216bec9829ce61063410a09fa713üDaniel GarciaüSaaS Architect, Infoblox
a1a0216bec9829ce61063410a09fa713üMichael GrosserüFounder, Okkur Labs
2ad9f9a94a2c9f03a6a0a80a1a55d3faüMasahiro NakagawaüPrincipal Engineer, ARM Treasure Data
ad277b0dda2c91f1025658608a658589üDejan BosanacüSoftware Engineer, Red Hat
ad277b0dda2c91f1025658608a658589üCindy XingüSenior Cloud Software Architect 高级云软件架构师, Futurewei
939a878805f79fbd080be98e25b84c02üDavid vonThenenüCloud Native Engineer, VMware
939a878805f79fbd080be98e25b84c02üSteven WongüOpen Source Community Relations Engineer, VMware
733f65132c1961b9b3223893fd6aa29füWaldemar QuevedoüSoftware Engineer, Synadia Communications, Inc
6c58c113285d32b1d3810563d43b6072üCole WagnerüSoftware Engineer, Google
6c58c113285d32b1d3810563d43b6072üAishwarya SundarüGKE /OSS Test Engineer, Google
83f5dfffcbd7c5dd75284ceeea2331d8üJan TattermuschüSenior Software Engineer, Google
ad66e761bc52946417198e8a4e64eaf1üDavid EadsüSenior Principal Software Engineer, Red Hat
ad66e761bc52946417198e8a4e64eaf1üStefan SchimanskiüPrincipal Software Engineer, Red Hat
1f082bcc172bbfdf88f46a2a2399737büWojciech TyczynskiüStaff Software Engineer, Google
1f082bcc172bbfdf88f46a2a2399737büMinhan XiaüSoftware Engineer, Google
8795d700c00ade4fe49923db8dc5df0füVallery LanceyüInfrastructure Software Engineer, Lyft
8795d700c00ade4fe49923db8dc5df0füSeth McCombsüSite Reliability Engineer, Triller
22b28f1da4b7c70406c75447c17547dfüMohsen RezaeiüStaff Software Engineer, WePay
f28d7ba24b5974a6b643dd75502e57c3üBen SigelmanüCEO and Co-founder, LightStep
f28d7ba24b5974a6b643dd75502e57c3üBogdan DrutuüGoogle
f28d7ba24b5974a6b643dd75502e57c3üSpiros XanthosüFounder and CEO, Omnition
1a5444811d21e6aba71c6c3430290e7düRandy AbernethyüManaging Partner, RX-M, LLC
7f6b25e8e51af27c8bf728ffaac26881üMichael HoughüSoftware Engineer, IBM
7f6b25e8e51af27c8bf728ffaac26881üSam IrvineüInfrastructure Engineer, ControlPlane
626425e1ab0f5e2de91f5fa7166d017aüMichelle CasbonüSenior Engineer, Google
626425e1ab0f5e2de91f5fa7166d017aüDan AnghelüStrategic Cloud Engineer, Google
626425e1ab0f5e2de91f5fa7166d017aüMichal ZylinskiüCloud Customer Engineer, Google
626425e1ab0f5e2de91f5fa7166d017aüDan SancheüDeveloper Programs Engineer, Google
c2a4d0dd9347a77596c0d7917b977c11üChristian RoggiaüBackend Software Engineer, Engel & Völkers Technology GmbH
9e197cac5a5fd60d551e8f9ed5c50d17üJosh RossoüStaff Field Engineer, VMware
9e197cac5a5fd60d551e8f9ed5c50d17üCraig TraceyüStaff Field Engineer, VMware
f05f85dc745ac9f845e833f5a51c40dbüGregg DonovanüStaff Software Engineer, Etsy.com, Inc.
f05f85dc745ac9f845e833f5a51c40dbüChris LoveüFounder, CNM Consulting
eaf44ee1917135763f794d4ec5b5703aüJason MurrayüCloud Infrastructure Engineer, iNNOVO Cloud GmbH
eaf44ee1917135763f794d4ec5b5703aüNikhita RaghunathüSoftware Engineer, Loodse
eaf44ee1917135763f794d4ec5b5703aüKris NovaüIndependent
eaf44ee1917135763f794d4ec5b5703aüJames MunnellyüSolutions Engineer, Jetstack.io
eaf44ee1917135763f794d4ec5b5703aüCyrine JabriüCloud Infrastructure Engineer, iNNOVO Cloud GmbH
56586b09af54b617c5b662db75f7786aüDaniel SmithüStaff Software Engineer, Google
3e8f6b5af19bf65b5844e1c67287c643üTerence LeeüPrincipal Languages Engineer, Heroku
3e8f6b5af19bf65b5844e1c67287c643üStephen LevineüStaff Software Engineer, Pivotal
f397d79b6a8db51d40fbc2d0a6748934üJorge Salamero SanzüDirector of Technical Marketing, Sysdig
c93be9cf5c877763e2dddb1c143a77bfü(Haining Henry) ZhangüTechnical Director, VMware
c93be9cf5c877763e2dddb1c143a77bfüSteven RenüSenior Manager, VMware
f150c6def16354f6413475c03cd08b27üJaice Singer DuMarsüCloud Native Strategy Program Manager, Google
edee17423a91d309d926d634eaadf9beüRita ZhangüPrincipal Software Engineer, Microsoft
edee17423a91d309d926d634eaadf9beüMax SmytheüSoftware Engineer, Google
10c73775b8d8dde826e6f26146228456üJustin CapposüProfessor, New York University
10c73775b8d8dde826e6f26146228456üJustin CormacküSecurity Engineer, Docker
df5fa6b203abc37238d2ed84ba2cfb2cüMikkel LarsenüSenior Software Engineer, Zalando SE
ade2d0c140d70cf3a1056d769555c343üMiguel MartinezüSenior Software Engineer, Bitnami
afaeb40f993502fd0a80d1ac63272526üÁlex GonzálezüTech lead, BBVA Next Technologies
afaeb40f993502fd0a80d1ac63272526üHéctor Rodes LópezüCTO, Adhara
57b407ee63593d7bd1e72297e377ba2büDan BergüDistinguished Engineer, IBM
57b407ee63593d7bd1e72297e377ba2büRam VennamüProduct Manager for IBM Cloud and Istio, IBM
76b850a9511525b6bd606976ba3c6eadüMichael ElderüDistinguished Engineer, IBM
76b850a9511525b6bd606976ba3c6eadüBrad TopolüDistinguished Engineer, IBM
ed8389bdbd1a72b8903942393542f8d9üJohn StudarusüCloud Architect, JHL Consulting
fdd59c974fdeec56901d9fb6c9e23fb2üJennifer BuckleyüSoftware Engineer, Google
fdd59c974fdeec56901d9fb6c9e23fb2üPhillip WittrocküSWE, Google
b30ac663d7c4dc30ade09d66260fbb12üCaleb MilesüTechnical Program Manager, Open Source Strategy, Google
c6841464cd56e2212b28f141c8471746üAdrien TrouillaudüFounder and CEO, Admiralty
d8d5e9a6589814d93c63e3d4f4cdb998üCheryl HungüDirector of Ecosystem, CNCF
fafcc597cd49c73b584b32e15ddf0510üSylvain HellegouarchüCTO, ChaosIQ
06c403589ebddeed1a4d8825691adbb2üTimothy St. ClairüKubernetes Steering Committee Member, VMware
06c403589ebddeed1a4d8825691adbb2üLucas KäldströmüCNCF Ambassador, Independent
6ac83cf45e37ff117b6068b166fbee6eüJeyappragash Jeyakeerthiütetrate.io
6ac83cf45e37ff117b6068b166fbee6eüSarah Allenü
4bfd0cd9fee9bc72e08797661ed3bd95üElsie PhillipsüProduct Marketing Manager, Red Hat
4bfd0cd9fee9bc72e08797661ed3bd95üParis PittmanüKubernetes OSS Strategy, Google
32b78404a256dac0205668b43a5f803aüZuozheng HuüSenior Software Engineer, Alibaba Group
32b78404a256dac0205668b43a5f803aüAllen SunüSenior Software Engineer, Alibaba Cloud
1380085bfceae56d071b2b612bd617bcüStephen AugustusüSr. Cloud Native Architect, VMware
1380085bfceae56d071b2b612bd617bcüIhor DvoretskyiüDeveloper Advocate, Cloud Native Computing Foundation
5fbb918a309a0d6e2a56de5a769c92f0üTravis NielsenüSenior Principal Software Engineer, Red Hat
5fbb918a309a0d6e2a56de5a769c92f0üAlexander TrostüDevOps Engineer, Cloudibility
2fc24d254a00c07252c997d8159501baüRia BhatiaüProgram Manager, Microsoft
2fc24d254a00c07252c997d8159501baüAnubhav MishraüDeveloper Advocate, HashiCorp
9366cbdff27ed2500e7d132ec130443cüDavid AronchicküProgram Manager, Microsoft
9366cbdff27ed2500e7d132ec130443cüYaron HavivüCTO, Iguazio
646b0925e129037f5908ef81b3422387üMark StemmüSenior Software Engineer, Sysdig
2692b58cd8b2a0f97ae704b3c4f20112üDan WendlandtüCEO, Isovalent
d182a63bbc9fe3112291d6d84db3bdd0üJonas BonérüFounder & CTO, Lightbend Inc.
f2f331ad8f573c0ec43b174b06c84798üLin SunüSenior Technical Staff Member, IBM
f2f331ad8f573c0ec43b174b06c84798üZack ButcherüFounding Engineer, Tetrate
f2f331ad8f573c0ec43b174b06c84798üJason McGeeüIBM Fellow, IBM
f2f331ad8f573c0ec43b174b06c84798üWilliam MorganüCEO, Buoyant
f2f331ad8f573c0ec43b174b06c84798üLouis RyanüPrincipal Software Engineer, Google
900c8f68a63f7707e4367c17e4758af5üJanet KuoüSoftware Engineer, Google
89990fc7f4a593dd706fb0b58774c019üGabe MonroyüPartner Program Manager, Microsoft
dc79678976f980a3e1f1c99962fd76ecüJanet KuoüSoftware Engineer, Google
569c891963691b7a15ee9382c1184675üJoe BedaüPrincipal Engineer, VMware
dde6900b24bc8669906e8218b30cc5f9üRicardo RochaüComputing Engineer, CERN
dde6900b24bc8669906e8218b30cc5f9üLukas HeinrichüPhysicist, CERN
171d15d282e98a3d23a973d6665e59deüRob SzumskiüPrincipal Product Manager for OpenShift, Red Hat
ad0016fc8735d0fc745459e0bb508f51üCheryl HungüDirector of Ecosystem, CNCF
1e8d415abcd274d046d729b904654cdbüJanet KuoüSoftware Engineer, Google
ab7733229e6711b39e454c5670a6d0ffüJoab JacksonüManaging Editor, The New Stack
ab7733229e6711b39e454c5670a6d0ffüAlex WilliamsüFounder & Editor-in-Chief, The New Stack
ab7733229e6711b39e454c5670a6d0ffüPere MonclusüCTO, Network & Security, VMware
1b7e782dbbe7f677f8bf27fbd7181593üBryan LilesüSenior Staff Engineer, VMware
eb74b05763e1f348b5376ed5e7594843üDavid XiaüInfrastructure Engineer, Spotify
7cd22421ed299ff8b7f1eedd8be98d15üBob QuillinüVP Developer Relations, Oracle Cloud
be106775f2a64f8c846c96f42e162ddaüKatie GamanjiüCloud Platform Engineer, Condé Nast
34ec0411391dbcbed6bc69ca8222a557üJason McGeeüIBM Fellow, IBM
893714a2bb87d7ff3112bf6a9c78710aüSaad AliüSenior Software Engineer, Google
98395ab64444de2b3d3402385f0e73f6üBryan LilesüSenior Staff Engineer, VMware
5ca6bf4049d71784fe26ad9c9d4cc461üRalph SquillaceüPrincipal Program Manager, Microsoft
5ca6bf4049d71784fe26ad9c9d4cc461üIvan TowlsonüPrincipal Software Engineer, Microsoft
904e4f9eda7b6a36f2f2113a0291766cüLiron LevinüChief architect, Twistlock
904e4f9eda7b6a36f2f2113a0291766cüAriel ZelivanskyüSecurity Research Team Lead, Twistlock
b21864038538dfa0a473a61488e48dbeüCheryl HungüDirector of Ecosystem, CNCF
dbe68a00a2577bcda186927ff969bf8eüStefan SchimanskiüPrincipal Software Engineer, Red Hat
8b7879e818e6203725782b071216a870üMark PuddicküAdvisory Platform Architect, Pivotal
49054ed7bfaa6ce9e4293112d54c4934üLucina StrickoüProduct Manager, Vulk Coop & CNCF
49054ed7bfaa6ce9e4293112d54c4934üDenver WilliamsüProject Co-Lead, cncf.ci, Vulk Coop & CNCF
bb024b7f419fbbb263852e3eb6752244üZhipeng HuangüPrinciple Engineer, Huawei
bb024b7f419fbbb263852e3eb6752244üJustin CapposüProfessor, New York University
415b9c22e4b3dcace6394557feb635e3üStephen AugustusüSr. Cloud Native Architect, VMware
415b9c22e4b3dcace6394557feb635e3üTim PepperüOpen Source Engineer, VMware
01abb30b067144bdc2e1f234c8bb0704üTim HinrichsüCTO, Styra
01abb30b067144bdc2e1f234c8bb0704üTorin SandallüSoftware Engineer, Styra
de325a4e4155f5d947e6f334407f8284üMike DaneseüSoftware Engineer, Google
de325a4e4155f5d947e6f334407f8284üMo KhanüSoftware Engineer, Red Hat, Inc
02009324cde1329caca0150b1c538b34üLizan ZhouüFounding Engineer, Tetrate
d667dc1f72fd4951711063ad9814e816üDeepthi SigireddiüSoftware Engineer, PlanetScale
d667dc1f72fd4951711063ad9814e816üSugu SougoumaraneüCTO, PlanetScale
8878ff533c98a5caac8811255234090aüLucas Servén MarínüSenior Software Engineer, Red Hat
f0da368732ad885b6e622c6ab8b6a061üRob SkillingtonüStaff Software Engineer, Uber
3cbe7d7a65fdcfc87b6ccc2d2caa3cc9üVinay KulkarniüSr. Architect, Futurewei
7570ff5b41389be8a4de33607dc5812eüEvan GilmanüEngineer, Scytale
7570ff5b41389be8a4de33607dc5812eüShaun CramptonüSenior Software Engineer, Tigera
303f668f7a0d81c9e9268d315a05a382üAlex EllisüFounder, OpenFaaS Ltd
303f668f7a0d81c9e9268d315a05a382üJoost NoppenüPrincipal Researcher, BT PLC
1967c04f3cc9d3961966f2c25c013849üBen LambertüCTO, Just Football
1967c04f3cc9d3961966f2c25c013849üKevin LingerfeltüSoftware Engineer, Buoyant
2d6794d24389d804ea3e68ed640a65faüJared WattsüFounding Engineer, Upbound
559d4f7be607ffde959c571496f5c91büAlex ChircopüFounder and CTO, StorageOS
017d35b9f036436f75cf15179a3532d9üSheng YangüSoftware Architect, Rancher Labs
6b9de5e1810411ffd2e5221f7a3dbe18üMatthias GrüterüEngineering Manager, Spotify
b5539e8143ddbd948cfe6a7100139b74üLucas RoeslerüContiamo
e0e4760fe670c10bd7a669dd6c4780a3üKarol GołąbüSoftware Engineer, Google
e0e4760fe670c10bd7a669dd6c4780a3üBeata SkibaüSoftware Engineer, Google
a09a286c525d7ad116a4bcc2a180bd3düDavid AronchicküProgram Manager, Microsoft
a09a286c525d7ad116a4bcc2a180bd3düJeremy LewiüSenior Software Developer, Google
7c1f94de01d27bb0e41b7f071060aefaüClemens VastersüPrincipal Architect, Azure Messaging, Microsoft
7c1f94de01d27bb0e41b7f071060aefaüVlad IonescuüDevOps Consultant, Independent
c291149e77f48f374bb31e65d38be4d5üMichael DucyüDirector of Open Source, Sysdig
f8e476c803ae6f341686411b2f057ff1üTimothy St. ClairüKubernetes Steering Committee Member, VMware
74d23ab25b4faf7e7c63b14fd12ad77cüFrederick F. Kautz IVüHead of Edge Infrastructure, Doc.ai
74d23ab25b4faf7e7c63b14fd12ad77cüNikolay NikolaevüOpen Source Engineer, VMware
bc4d80491a86b422ef6fe8faa60d9eeaüBassam TabbaraüFounder & CEO, Upbound
bc4d80491a86b422ef6fe8faa60d9eeaüJared WattsüFounding Engineer, Upbound
3e425447da1910b0254fc58d7b764d5düRadu MateiüSoftware Engineer, Microsoft
1bd097f37a3a98785e3f997b5e01b67düRichard LiüCEO, Datawire
e4b330927f10cd09318dd27d036b4f97üVinothkumar SiddharthüSoftware Engineer, Amazon
042f84a5328deaeeca80d78d3fa37ef2üEddie ZaneskiüManager, Developer Relations, DigitalOcean
9929a9390f5cced8c330fb4204b1f367üJustin Santa BarbaraüSoftware Engineer, Google
9929a9390f5cced8c330fb4204b1f367üMike SplainüSenior DevOps Engineer, Sonos
aa819763db9f3e4a8d06208acc96ec32üIan ColdwaterüLead Platform Security Engineer, Heroku
e8b1d1673a49ebd0fc9ad657263c3aa2üKensaku KomatsuüTechnical Manager, NTT Communications
e8b1d1673a49ebd0fc9ad657263c3aa2üJun MakishiüSenior Architect, NTT Communications
4eeef6e82f130f5b3532b9bfcbe82f82üLee CalcoteüFounder, Layer5
4eeef6e82f130f5b3532b9bfcbe82f82üGirish RanganathanüPrincipal Architect, SolarWinds
c591b4a004812f6c5088587796cad484üTara BaskaraüSystem Engineer, GO-JEK
c591b4a004812f6c5088587796cad484üIqbal FarabiüSystem Engineer, GO-JEK
ef6158226820d00eb1f9cda537273b61üScott RigbyüDevOps Engineer, Codecademy
ef6158226820d00eb1f9cda537273b61üPaul CzarkowskiüDeveloper Advocate, Pivotal
f633327e5d0c83568a56a2a41f06081eüEmily Tanaka-DelgadoüDirector of DevRel Engagement, Oracle
f633327e5d0c83568a56a2a41f06081eüAnt KennedyüCTO, Gapsquare
f633327e5d0c83568a56a2a41f06081eüPriya ShahüCo-Founder, Sauce
f633327e5d0c83568a56a2a41f06081eüCharlie DaviesüCTO and Co-Founder, iGeolise
f633327e5d0c83568a56a2a41f06081eüAlfonso SantiagoüR&D Engineer, ELEM Biotech
35f5fff8674a4e5a5552213cb53e8a3eüJoe BedaüPrincipal Engineer, VMware
ce97c78c19ab46ee8f166f1abef8a2a5üSanjary RahmanüSite Reliability Engineer, Booking.com
62baffcab50497258af368081ee3033aüTrevor GrantüOpen Source AI / IoT Evangelist, IBM
62baffcab50497258af368081ee3033aüHolden KarauüDeveloper Advocate, Google
8a8cb2abb6f48e895a3dd7f53502ed78üEduardo SilvaüPrincipal Engineer, Arm / Treasure Data
c50a5efac4ca89351cca58e39049faf7üElsie PhillipsüProduct Marketing Manager, Red Hat
c50a5efac4ca89351cca58e39049faf7üParis PittmanüKubernetes OSS Strategy, Google
68f7acb21c1a848d8466f5e24bb198c9üMax IndenüSenior Software Engineer, Red Hat
68f7acb21c1a848d8466f5e24bb198c9üFrederic BranczyküSoftware Engineer, Red Hat
0af5d5c4d18a919234ea1f836cb8dc77üJonathan BerkhahnüOpen Source Contributor, IBM
565bec319cf7e33d98641ab366f40228üLei ZhangüStaff Engineer, Alibaba
565bec319cf7e33d98641ab366f40228üJeremy RickardüSenior Software Engineer, Microsoft
a108299bd874a3b7c331845cd6be98ddüDa MaüKubernetes Maintainer, SIG-Scheduling Co-Leader, Volcano leader, Huawei
a108299bd874a3b7c331845cd6be98ddüShivram SrivastavaüSystem Engineer, Huawei Technologies
7446844cb64b9d1dcc35e894c16b62fbüVishal PowarüSenior Software Engineer, Google
b9f75ff8ddfd00fe46fb01d63d75d819üMatthias LoiblüSoftware Engineer, Red Hat
b9f75ff8ddfd00fe46fb01d63d75d819üSergiusz UrbaniaküSoftware Engineer, Red Hat
8ab0562f3abccaf66aaa1ed24911667aüSaad AliüSenior Software Engineer, Google
21c25cfa527adca9fe2e4d6d26122ebaüJustin CormacküSecurity Engineer, Docker
83c531ff34e22b86d49c8693dbd55650üArun GuptaüPrincipal Open Source Technologist, Amazon Web Services
83c531ff34e22b86d49c8693dbd55650üDee KumarüVice President, Developer Marketing, Linux Foundation
ea4ac13188b14e58618553a6373dfbb1üStephan FudeusüExpert Continuous Delivery, 1&1 Mail & Media Development & Technology GmbH
ea4ac13188b14e58618553a6373dfbb1üDavid Meder-MarouelliüSystems Architect, 1&1 Mail & Media Development & Technology GmbH
d79221835be8d0cbd8ff025bb0ffb2c6üDavid ZhuüSoftware Engineer, Google
d79221835be8d0cbd8ff025bb0ffb2c6üJan ŠafráneküSoftware Engineer, Red Hat
ee3228dfd1247d5d107a2e1734f09972üSai VennamüDeveloper Advocate, IBM
d2badd0bd8ae2ccb92f7ef34ba440c45üMarton EleküEngineer, Cloudera
d2badd0bd8ae2ccb92f7ef34ba440c45üAnu EngineerüPrincipal Software Engineer, Cloudera
a3f66d104d3279a294ff622f33a12d5düAshlynn PoliniüSr. Events Manager, Docker
ae900289e3dc84efbfe265bed5aad387üPing ZouüPrincipal Software Engineer, Intuit
ae900289e3dc84efbfe265bed5aad387üMinhan XiaüSoftware Engineer, Google
405f362a9c68b1f9728cb83c6d8710eeüDavid AronchicküProgram Manager, Microsoft
bc99d446c4e134d209dc9893faa39f7cüPhillip WittrocküSWE, Google
bc99d446c4e134d209dc9893faa39f7cüMaciej SzuliküSoftware Engineer, Red Hat
90a1c5bb0f68a1dade332cd32e5c83e8üJohn BelamaricüSenior Staff Software Engineer, Google
90a1c5bb0f68a1dade332cd32e5c83e8üYong TangüDirector of Engineering, MobileIron
c10902602e2aa394a3c3b18391f5571eüTan JiangüStaff Engineer, VMware
c10902602e2aa394a3c3b18391f5571eüSteven ZouüStaff Engineer, VMware
ba2c012090133ba8d2d98f503eab37f1üSanjeev RampalüPrincipal Engineer, Cisco
ba2c012090133ba8d2d98f503eab37f1üRyan BezdiceküSoftware Engineer, Cray Inc.
f594aa6d6d2ec479dac44c375b8be460üShyam JeediguntaüSoftware Engineer, Amazon
f594aa6d6d2ec479dac44c375b8be460üWojciech TyczynskiüStaff Software Engineer, Google
cbeb6b44a8fd9a25b95c190e5fac22b7üEmiliano BerenbaumüCTO, Scytale
cbeb6b44a8fd9a25b95c190e5fac22b7üScott EmmonsüPrincipal Engineer, Scytale
ed36bb83476fce99a92e93f29965efeaüDa MaüKubernetes Maintainer, SIG-Scheduling Co-Leader, Volcano leader, Huawei
ed36bb83476fce99a92e93f29965efeaüKevin WangüPrincipal Engineer, Huawei
9f91335a566584503916c32155c92613üSteven  DakeüIstio WG Lead, Independent
f8217db9ad043394ae6eb2a30ebfa91füGabriela SoriaüIntern, CNCF (Opentracing /Jaeger)
b5905d328bd27fd0e49635a45d2f2090üThomas GrafüCo-Founder & CTO, Isovalent
b8360ae33e941f349c7e91fa7a4bb56düMaya KaczorowskiüProduct Manager, Google
b8360ae33e941f349c7e91fa7a4bb56düAnn WallaceüSecurity Global Practice Lead, Google
5dfc344b79d5c33f5c52bddb95ce76bbüEden Pierre RozinüProduct Manager, AT&T
f623df7e6ceccbceaf78d871ad85f102üFlynnüPrincipal Software Engineer, Datawire
eec751246e1128655fc1dd4786596109üFabrice JammesüSenior cloud architect, LSST Corporation & French National Institute of Nuclear and Particle Physics (IN2P3)
92907f864dd4e608993dc082b2ffe8fcüPaul JonesüCloud Software Engineer, Dyson
e5b715f6e6ead0ab4a98502f6368e19eüZsolt HomorodiüSenior specialist, IT, VTT
f17e2a581236d2e7c838be9e7dbbf501üCheryl HungüDirector of Ecosystem, CNCF
f17e2a581236d2e7c838be9e7dbbf501üJeff BrewerüVice President, Chief Architect of the Small Business and Self Employed Group, Intuit
f17e2a581236d2e7c838be9e7dbbf501üBrad TopolüDistinguished Engineer, IBM
f17e2a581236d2e7c838be9e7dbbf501üKen OwensüVice President, Digital Native Architecture, Mastercard
5e808f4ffd742aef95e029f37ee82b60üJosh BerkusüCommunity Lead at Red Hat, Red Hat
5e808f4ffd742aef95e029f37ee82b60üŁukasz GryglickiüSenior Software Developer, Cloud Native Computing Foundation
42e8955173cac414599d1c537e819c65üIllya ChekryginüFounding Engineer, Upbound
f30d98c2a00e879d6658b1da5b177d65üYong TangüDirector of Engineering, MobileIron
f30d98c2a00e879d6658b1da5b177d65üYuan TangüSenior Software Engineer, Ant Financial
c280e30f44de379b77a3b0fd122c91b9üTerence LeeüPrincipal Languages Engineer, Heroku
c280e30f44de379b77a3b0fd122c91b9üStephen LevineüStaff Software Engineer, Pivotal
54444050f076c461e8654afdec6a9c9eüBryan BorehamüDirector Software Engineering, Weaveworks
54444050f076c461e8654afdec6a9c9eüTom WilkieüVP Product, Grafana Labs
cf5671daf3f1c26214ecb2a466eeeac9üLoc NguyenüStaff Engineer II, VMware
cf5671daf3f1c26214ecb2a466eeeac9üSidharth SuranaüStaff Engineer, VMware
bef04a89c51c8b4ec2144441d219a0feüBenjamin ElderüSoftware Engineer, Google
bef04a89c51c8b4ec2144441d219a0feüJames MunnellyüSolutions Engineer, Jetstack.io
b55473e7610719b7db4ed28eb64eb595üPurvi DesaiüSenior Software Engineering Manager, Google
b55473e7610719b7db4ed28eb64eb595üTim HockinüPrincipal Software Engineer, Google
55f72125e3c00cea847bb0fbf61dc1b8üDaniela MiaoüEngineering, LightStep
471758bf9287b654bb1ff1e1df14d2b4üAbhishek SangwanüProduct Engineer, MavenHive Technologies
471758bf9287b654bb1ff1e1df14d2b4üAkashdeep SinghüProduct Engineer, GO-JEK
fcfacf63753b9a0cf967534a12e4b5efüRob ScottüLead Site Reliability Engineer, ReactiveOps
d55c9383b963fe1fd1a3a0d9387295c7üXiaoyu ZhangüSoftware engineer, Alibaba
d55c9383b963fe1fd1a3a0d9387295c7üLei ZhangüStaff Engineer, Alibaba
e761364d879b109566b56bfc38ffb1e7üLEO LIANGüEngineering Manager, Cruise Automation
d8a6c2398b12a8c362bda8bd234d1456üMichelle AuüSoftware Engineer, Google
0174d2f9f347c3614a5c7199e56562d5üChris HogeüSenior Strategic Program Manager, OpenStack Foundation
0174d2f9f347c3614a5c7199e56562d5üAndrew Sy KimüOpen Source Engineer, VMware
0174d2f9f347c3614a5c7199e56562d5üJago MacleodüEngineering Director, Kubernetes, Google
b2326e4ff55e176c4092fc008968d294üWei GuoüSoftware Engineer, Ant Financial
b2326e4ff55e176c4092fc008968d294üZhen ZhangüSenior Engineer, Alibaba
06530f04c75c00ee51a0c9d206479e21üLaurent BernailleüStaff Engineer, Datadog
06530f04c75c00ee51a0c9d206479e21üRobert BollüCompute lead, Datadog
84a37c97006a709e88d52771099ce13düJames HaughwoutüHead of Infrastructure & Operations, Spotify
b1d7b7ea054a3a760b4f37cd05f003b3üVille AikasüSoftware Engineer, Google
b1d7b7ea054a3a760b4f37cd05f003b3üMatt MooreüSoftware Engineer, Google
76eb7418cc42fc305547af6687865592üKrzysztof AdamskiüData Infrastructure Architect, ING
76eb7418cc42fc305547af6687865592üRob KeevilüData Analytics Platform lead, ING
369a9edf58524539c4dfd125d44b7ab5üLubomir I. IvanovüOpen Source Engineer, VMware
369a9edf58524539c4dfd125d44b7ab5üFabrizio PandiniüSoftware Engineer, UniCredit
715768ab5620b5c56bd79d03254b561aüJin ZhangüSenior Software Engineer, Alibaba
715768ab5620b5c56bd79d03254b561aüHaibing ZhouüSoftware Engineer, eBay
742da6b7e349fc51a97ca17a9144caceüStephen AugustusüSr. Cloud Native Architect, VMware
742da6b7e349fc51a97ca17a9144caceüIhor DvoretskyiüDeveloper Advocate, Cloud Native Computing Foundation
9efd7d6fef1bd393c539ca1b0bb8d70eüWaldemar QuevedoüSoftware Engineer, Synadia Communications, Inc
bf1d178b4aef989e46eb9647dca1bfb5üLukas PuehringerüResearch Associate, NYU
bf1d178b4aef989e46eb9647dca1bfb5üJustin CapposüProfessor, New York University
abedb018534fc92adf8fc34f0a6cddb8üJustin Santa BarbaraüSoftware Engineer, Google
49ebc2b0cd85689b8a171d5a91b10f46üBlake BarnettüStaff Engineer, Postmates
49ebc2b0cd85689b8a171d5a91b10f46üPavithra RameshüSoftware Engineer, Google
4121cde5c071653f1de704253aa77e83üWarren FernandesüStaff Software Engineer, Pivotal Software, Inc.,
4121cde5c071653f1de704253aa77e83üJason KeeneüSoftware Engineer, Pivotal Software, Inc.,
0537c41b237e0ca201c8c8bfc10b50b4üSanjeev RampalüPrincipal Engineer, Cisco
0537c41b237e0ca201c8c8bfc10b50b4üRyan BezdiceküSoftware Engineer, Cray Inc.
0537c41b237e0ca201c8c8bfc10b50b4üErica von BuelowüSoftware Engineer, Red Hat
0537c41b237e0ca201c8c8bfc10b50b4üTasha DrewüProduct Manager, VMWare
4c3abe092f8e7177f07d981a20cfac1eüMike DaneseüSoftware Engineer, Google
fc8bf4b9e14b26fe589b494acedd04c0üIgor KhapovüHead of virtualisation development department, IBM
b6be08d63f0cf070dc6b87dc2a36677füDaniel BryantüProduct Architect, Datawire
b6be08d63f0cf070dc6b87dc2a36677füNic JacksonüSchedule or People, HashiCorp
eeddcb11105ea5b1e9044db64c4e02b1üSébastien HanüPrincipal Software Engineer, Storage Architect, Red Hat
eeddcb11105ea5b1e9044db64c4e02b1üFederico LucifrediüProduct Management Director, Red Hat
ec09b72d2bd5fa9da45ea6c2de7e652aüJanet KuoüSoftware Engineer, Google
43d55abb2f6d332d5498bf409dcecc7eüBryan LilesüSenior Staff Engineer, VMware
cf886518c526e6d5555cfd19530a07d5üLaura RehorstüProduct Owner - Stratus Platform, ABN AMRO Bank NV
cf886518c526e6d5555cfd19530a07d5üMike RyanüDevOps Consultant, backtothelab.io
cbef878aaef0d173ab078b9223db0fc7üFrederic BranczyküSoftware Engineer, Red Hat
cbef878aaef0d173ab078b9223db0fc7üTom WilkieüVP Product, Grafana Labs
7db191a01afb96b1dedce23317059ab8üBryan LilesüSenior Staff Engineer, VMware
7db191a01afb96b1dedce23317059ab8üJanet KuoüSoftware Engineer, Google
d01a5fee0c2b3beca8164d906377b05cüCornelia DavisüVice President, Technology, Pivotal
31aec0b9f14acda3e39b03d42e77e299üGreg DeArmentüHead of Infrastructure, Palantir Technologies
31aec0b9f14acda3e39b03d42e77e299üVlad UngureanuüTech Lead, Deployment Infrastructure, Palantir Technologies
32f3460e62f9ab93efaf867f150d5245üJames MunnellyüSolutions Engineer, Jetstack.io
32f3460e62f9ab93efaf867f150d5245üBenjamin ElderüSoftware Engineer, Google
4b3d7914cf9d9762e772957c8cbb3b7düParis PittmanüKubernetes OSS Strategy, Google
d10627ee347d505afb21ed38c1ea33ddüMadhukar KorupoluüDistinguished Engineer, NVIDIA
86375119b867f33ffc07073154f71953üJason DeTiberusüSenior Member of Technical Staff, VMWare
86375119b867f33ffc07073154f71953üHardik DodiyaüSoftware Developer, SAP, Gardener Team
30a529ffee3785c72805e2aff483cf77üLizan ZhouüFounding Engineer, Tetrate
97de876d91963de8c25bf9161f743c2cüFrederic BranczyküSoftware Engineer, Red Hat
97de876d91963de8c25bf9161f743c2cüAndrew SeignerüSoftware Engineer, Buoyant
ba7d3cdfa64a672fb7fb096f48dd0b1eüXin MaüPrincipal Cloud Engineer, eBay
705bfd07d06d35620de1ee452262e4beüAndreea FlorescuüSoftware Engineer, Amazon
705bfd07d06d35620de1ee452262e4beüSamuel OrtizüPrincipal Software Engineer, Intel
61992fa7e1f67013c2556356426d96a3üLiz RiceüTechnology Evangelist, Aqua Security
020e1f194350f947a76ce4509ec0ee82üEwan SlaterüCloud Architect, Oracle
978f002274d71f0287d2b94c914cdb39üGranville SchmidtüSite Reliability Lead, Aspen Mesh
b09d9888da26bc92c30d76e72f09bd09üCheryl HungüDirector of Ecosystem, CNCF
b09d9888da26bc92c30d76e72f09bd09üDan KohnüExecutive Director, Cloud Native Computing Foundation
b09d9888da26bc92c30d76e72f09bd09üTaylor CarpenterüPartner, Vulk Coop
7a601d32d991dd4bc53508657e54054düAdnan AbdulhusseinüSoftware Engineer, Bitnami
2eb9e33a3a72566cbc5eaea7827de796üNimesh BhatiaüProgram Director, IBM
2eb9e33a3a72566cbc5eaea7827de796üBrad TopolüDistinguished Engineer, IBM
2eb9e33a3a72566cbc5eaea7827de796üKhalid AhmedüDistinguished Engineer, IBM
2eb9e33a3a72566cbc5eaea7827de796üSahdev ZalaüSenior Software Engineer, IBM
64e4cdb7bc302ac9c27381175b3d515düErica von BuelowüSoftware Engineer, Red Hat
64e4cdb7bc302ac9c27381175b3d515düZhipeng HuangüPrinciple Engineer, Huawei
c71312d70960e64f9cdfabe8e490a651üSaad AliüSenior Software Engineer, Google
45cd7c0d23ae3b97933e757a4fd536e3üChris HogeüSenior Strategic Program Manager, OpenStack Foundation
45cd7c0d23ae3b97933e757a4fd536e3üAditi SharmaüSoftware Engineer, NEC
6296c1a48c61711f373663d2e9048b42üRichard HartmannüMonitoring Lead, SpaceNet
6296c1a48c61711f373663d2e9048b42üJulius VolzüCo-Founder, Prometheus
ff5406901fe9c7046eb004189bcaa380üMitch KelleyüSoftware Engineer, Solo.io
ff5406901fe9c7046eb004189bcaa380üIdit LevineüCEO, Solo.io
4ac87f412d15250898956657cd387c0aüJonathan Juares BeberüSRE, Onefootball GmbH
4ac87f412d15250898956657cd387c0aüRodrigo Del MonteüSRE, Onefootball GmbH
50ca11492045265d0b38fe2724b8d223üRohan SinghüLead Infrastructure Engineer, Hustle Inc
fe4653fef6970ddc36895396446fce27üAaron TeagueüSoftware Engineer, Supergiant
fe4653fef6970ddc36895396446fce27üClarke VennerbecküKubernetes Educator/Evangelist, Supergiant
bd50569f1e029dfedde2a401ae3a67e3üChris AniszczyküCTO/COO, Linux Foundation (CNCF)
bd50569f1e029dfedde2a401ae3a67e3üAlexis RichardsonüFounder & CEO, Weaveworks
bd50569f1e029dfedde2a401ae3a67e3üLiz RiceüTechnology Evangelist, Aqua Security
bd50569f1e029dfedde2a401ae3a67e3üJeff BrewerüVice President, Chief Architect of the Small Business and Self Employed Group, Intuit
bd50569f1e029dfedde2a401ae3a67e3üJoe BedaüPrincipal Engineer, VMware
079a9f5eb1ab0005b11c6e39f25412f8üVincent LesierseüTechnical Product Manager, Vamp.io
079a9f5eb1ab0005b11c6e39f25412f8üJörg SchadüHead of Machine Learning, ArangoDB
4e0f46ffb3d67f3b7a5cac6ea2ffa5a2üJustin Santa BarbaraüSoftware Engineer, Google
4e0f46ffb3d67f3b7a5cac6ea2ffa5a2üMike SplainüSenior DevOps Engineer, Sonos
cf755cf3ce2e30481d0c5c3318e96e75üTom WilkieüVP Product, Grafana Labs
b03427dd57c47b8e6455607c40464136üAbdul HalimüCloud Software Engineer, Intel
b03427dd57c47b8e6455607c40464136üDoug SmithüSenior Software Engineer, Red Hat
6a67e62b03975315c433cce7971d80d6üAna CalinüSystems Engineer, Paybase
29a844aba546e4393319fe0153f23e56üAlexandr TcherniakhovskiüSecurity Engineer, Google
29a844aba546e4393319fe0153f23e56üAndrew LytvynovüSoftware Engineer, Google
6fbb28379db5712b69a10db7766b35d1üLev RadomislenskyüSoftware Developer, Iguazio
453bcf8b33831ec1410cf76fef42e542üPierre MeunierüSenior Platform Engineer, Wealth Wizards
453bcf8b33831ec1410cf76fef42e542üDave ShepherdüSenior Platform Engineer, Wealth Wizards
4d78e238d04dcc82e7d4966415dff0f1üSteven RenüSenior Manager, VMware
c235ad44c28d9cff7e1fa5911348baeeüJessica DeenüSenior Cloud Advocate, Microsoft
c235ad44c28d9cff7e1fa5911348baeeüBridget KromhoutüPrincipal Cloud Advocate, Microsoft
268a8574b49f685c2a5d660d3b2ba67cüLisa-Marie NamphyüK8s user community manager / moderator, Portworx
268a8574b49f685c2a5d660d3b2ba67cüJoseph SandovalüSRE Manager, Adobe
268a8574b49f685c2a5d660d3b2ba67cüAllan NaimüSenior Manager, Google
268a8574b49f685c2a5d660d3b2ba67cüEric HanüProduct Manager, Portworx
268a8574b49f685c2a5d660d3b2ba67cüUmair MuftiüData Services Manager, DreamWorks Animation
5ba5c5efe4aaf9f538ed8a2df1611006üJames RawlingsüEngineer, Cloudbees
5ba5c5efe4aaf9f538ed8a2df1611006üChristie WilsonüSoftware Engineer 软件工程师, Google
65dd7c42f808f4b2b4fdf7309f436153üSarah ConwayüVP, Communications, The Linux Foundation
65dd7c42f808f4b2b4fdf7309f436153üDaniel IzquierdoüChief Data Officer, Bitergia, InnerSourceCommons community
65dd7c42f808f4b2b4fdf7309f436153üNicole HuesmanüCommunity and Developer Advocate, Independent
34fb3b4e57d447b31194130f447a5697üJeremy LewiüSenior Software Developer, Google
34fb3b4e57d447b31194130f447a5697üWillem PienaarüData Science Platform Lead, GO-JEK
df024bb574092e0e8e8c646520b29321üMo KhanüSoftware Engineer, Red Hat, Inc
df024bb574092e0e8e8c646520b29321üMatt RogersüSenior Software Engineer, Red Hat
627db62bbdb5706c496bb9f1966403e5üLachlan EvensonüPrincipal Program Manager, Microsoft
627db62bbdb5706c496bb9f1966403e5üStephen AugustusüSr. Cloud Native Architect, VMware
a54993b7d8d1bae0e471a13f89078b85üJeff SicaüResearch Database Administrator, University of Michigan
a54993b7d8d1bae0e471a13f89078b85üSebastian FloreküSoftware Engineer, Loodse
255a07de43026898a7b6e52520b16be6üOliver GouldüBuoyant, CTO
f5c4618a796fe2d12cfaf60cf615d01eüLouis-Etienne DorvalüLead Engineer, Ticketmaster
1da97936b3c19076f3ac38dfe4f02e50üWojciech TyczynskiüStaff Software Engineer, Google
1da97936b3c19076f3ac38dfe4f02e50üAndrzej WasylkowskiüEngineering Manager, Google
15b64717d8f1808d1e72a7cc5706f927üPhil EstesüDistinguished Engineer & CTO, Container Architecture Strategy, IBM Cloud
9b6dd91afedabf694a47035a653ff812üEvan GilmanüEngineer, Scytale
593052567f154c3097446b48895090ccüIvana YovchevaüOpen Source Developer, VMware
593052567f154c3097446b48895090ccüSimon PelczerüSoftware Engineer, LivePerson
0c8f37f939e6c2391f5f4ec9b92ae586üAnusha RagunathanüSenior Software Engineer, Docker
0c8f37f939e6c2391f5f4ec9b92ae586üJean RougeüSenior Software Engineer, Docker
8a4b58dfa7b44245a301b895b43853efüJuraci Paixão KröhlingüSoftware Engineer, Red Hat
8a4b58dfa7b44245a301b895b43853efüPrithvi RajüSoftware Engineer, Uber
99837d0d228b52c7a6d5966193017912üKilton HopkinsüCEO, Edgeworx
99837d0d228b52c7a6d5966193017912üDejan BosanacüSoftware Engineer, Red Hat
99837d0d228b52c7a6d5966193017912üSteven WongüOpen Source Community Relations Engineer, VMware
e0a72a59fe09bf47e776a8e9aefcfd07üDoug DavisüSTSM, IBM
e0a72a59fe09bf47e776a8e9aefcfd07üScott NicholsüSoftware Engineer 软件工程师, Google
4ae6cdefdcb71a4e0ae73a3e1c0ae0aaüPatrick LangüSenior Software Engineer, Microsoft
4ae6cdefdcb71a4e0ae73a3e1c0ae0aaüMichael MichaelüDirector of PM, VMware
32a07ade611c54429f34ed66905a7ac0üAmy ChenüSystems Software Engineer, VMware
32a07ade611c54429f34ed66905a7ac0üEryn MuetzelüDirector, Product Management, VMware
0d4d364a1fa4f58ce5e11e9169f1a0b8üJun ChenüSenior Software Engineer, Ant Financial
0d4d364a1fa4f58ce5e11e9169f1a0b8üLei ZhangüStaff Engineer, Alibaba
c8088b1eb8fb29d884fb8aee5bd93933üAlexander MatyushentsevüPrinciple Software Engineer, Intuit
c8088b1eb8fb29d884fb8aee5bd93933üDanny ThomsonüSoftware Engineer 2, Intuit
de68b653ac0aea50ad520a546324920füAustin LamonüProduct Manager, Spotify
de68b653ac0aea50ad520a546324920füDave ZolotuskyüSoftware Engineer, Spotify
d8b8004e32002a5dc15ab19094365a92üYaron HavivüCTO, Iguazio
d8b8004e32002a5dc15ab19094365a92üMaulin PatelüProduct Manager, Google
903202ccbcc8dccbe6d415c97d005e4eüRadu MateiüSoftware Engineer, Microsoft
75792d5b2d0f4f2479967150c7e937d5üAntoine LegrandüSoftware Engineering Manager, Red Hat
75792d5b2d0f4f2479967150c7e937d5üMatthew MosesohnüSenior Devops Engineer, Progmatic Lab
ba29f747aa243489abb8063e1f15d5e0üTim PepperüOpen Source Engineer, VMware
b5f5aa6d6753ab393fe4913dd47d35afüDan KozlowskiüLead Engineer, PlanetScale
b5f5aa6d6753ab393fe4913dd47d35afüJiten VaidyaüCEO, PlanetScale
52f3f3b3f763f7a4e11e6b1c78ecb59cüRastislav SzaboüStaff Enginner, PANTHEON.tech
d57f2a06b7aab52ca2cd88019ac3aeeeüGregory HaynesüOpen Source Cloud Software Engineer, IBM
aabb645a3e7daf1233dfa91b62957508üChris HogeüSenior Strategic Program Manager, OpenStack Foundation
aabb645a3e7daf1233dfa91b62957508üFabio RapposelliüStaff Software Engineer, VMware
7206d5d6450175157ee7c4ff5edd0d95üAsh NarkarüSoftware Engineer, Styra Inc.
e8deeb70a46e5f7aecbe8fe53aac5999üErwin van EyküSoftware Engineer, Platform9
95ec97607768496eb449b84f6d9e498cüAlex LeongüSoftware Engineer, Buoyant
4eb22c6d09bff25e23e73a0d6a702d28üJussi NummelinüDeveloper Advocate, Kontena Inc.
84169975ed4246e035f19bc0e9a4bb7büSachin ManpathaküTechnical Lead, Platform9
84169975ed4246e035f19bc0e9a4bb7büFlavius MeceaüSoftware Engineer, Presslabs
f033a54420564d622024db00bc4e9c3düChristoph BleckerüSenior Site Reliability Engineer, Red Hat
f033a54420564d622024db00bc4e9c3düErick FejtaüStaff Software Engineer, Google
b1cb9a50d3c19eeeefe7dc6e7031cbd5üMaria NtallaüEngineering Manager, Pivotal
05b12162156c021666c7b5dea7d5e744üIlan FilonenkoüSoftware Engineer, Bloomberg
e727a4d0ec598dc2f225f38fef7b4040üSławomir ChyłeküSoftware Engineer, Google
e727a4d0ec598dc2f225f38fef7b4040üAleksandra MalinowskaüSoftware Engineer, Google
1fc577b5e246313f9fedaea18ce31d23üCindy XingüSenior Cloud Software Architect 高级云软件架构师, Futurewei
dc3ef3812a87d0409e3df180af3ae014üJonathan PerryüCEO / Co-founder, Flowmill, Inc.
2f892848ace88f6f608f9eebd976bb9düShyam JeediguntaüSoftware Engineer, Amazon
2f892848ace88f6f608f9eebd976bb9düYassine TIJANIüMember of Technical Staff, VMware
e52a4da9876034253711f5a05907bb18üEric LinüSenior Software Engineer, Alibaba
970be4fe328e443ecc841ded5b0f6fdaüAnubhav MishraüDeveloper Advocate, HashiCorp
970be4fe328e443ecc841ded5b0f6fdaüRita ZhangüPrincipal Software Engineer, Microsoft
78e9febc060209d6d05394d6b991d038üYing Chun GuoüSoftware Engineer, IBM
78e9febc060209d6d05394d6b991d038üShaojun DingüSoftware Engineer, IBM
943f9083d40347b392bac34ed6133c99üJohn JoyceüPrincipal Engineer, Cisco Systems
943f9083d40347b392bac34ed6133c99üTim SwansonüSenior Technical Leader, Cisco
a47afd9fdc56ba10640e231dc88ad84düMike BrownüContainerd Maintainer, IBM
a47afd9fdc56ba10640e231dc88ad84düWei FuüSoftware Engineer, Alibaba
553fada275c50f921e6f27623b29ed1büRael Garcia ArnesüSite Reliability Engineer, CAPSiDE
553fada275c50f921e6f27623b29ed1büZach CorleissenüLead Technical Writer, Linux Foundation
1e147c41e7c26236447f03e5585027abüTim HockinüPrincipal Software Engineer, Google
1835bec967c9728bf92d3ffcb09cfc08üAaron CrickenbergerüSenior Test Engineer, Google
1835bec967c9728bf92d3ffcb09cfc08üWilliam DennissüProduct Manager, Google
1835bec967c9728bf92d3ffcb09cfc08üHippie HackerüSoftware Engineer, ii.coop
1835bec967c9728bf92d3ffcb09cfc08üDan KohnüExecutive Director, Cloud Native Computing Foundation
d1577ac91b685ec539c45c607debcb31üMaru NewbyüSoftware Developer, Red Hat
d1577ac91b685ec539c45c607debcb31üIrfan Ur RehmanüSenior Engineer, Huawei
4442e3011f8a7243be99f831e321d1acüQuinton HooleüTechnical Vice President, Futurewei
4442e3011f8a7243be99f831e321d1acüIrene ZhangüResearcher, Microsoft Research & University of Washington
cad2ad7d110b35859be3ea487d11d3e3üArnaud CaronüCloud Transformation Portfolio Manager, Mediakind
cad2ad7d110b35859be3ea487d11d3e3üJerome ChampetierüSenior Technology Architect, Mediakind
3ad948679243c5b1a4be92206089cd31üJosh HoaküSoftware Engineer, Google
3ad948679243c5b1a4be92206089cd31üKobi MagneziüProduct Manager, Google
f369a27979d02f3508f1893d44c53bdaüAaron CrickenbergerüSenior Test Engineer, Google
f369a27979d02f3508f1893d44c53bdaüRithu LeenaüSenior Software Engineer, Lyft
f369a27979d02f3508f1893d44c53bdaüAshley McNamaraüCloud Developer Advocate, Microsoft
f369a27979d02f3508f1893d44c53bdaüStephen AugustusüSr. Cloud Native Architect, VMware
f369a27979d02f3508f1893d44c53bdaüNoah KantrowitzüInfrastructure Team Lead, Ridecell
6e1968a7e53281c1ae2355b989f1eea2ü(Haining Henry) ZhangüTechnical Director, VMware
6e1968a7e53281c1ae2355b989f1eea2üYang YuüSoftware Engineer, VMware
2a0ec4e5cd11b9b783deb72d366fd3e0üDavid EadsüSenior Principal Software Engineer, Red Hat
2a0ec4e5cd11b9b783deb72d366fd3e0üDaniel SmithüStaff Software Engineer, Google
481401f047514427bcba04951bbbe5f7üMatt FisherüSoftware Engineer, Microsoft
481401f047514427bcba04951bbbe5f7üAdam ReeseüSoftware Engineer, Microsoft
31b6d1cf5eef71fdcad72091c4a01962üBabak SalamatüStaff Software Engineer, Google
80bd26a1d99a213b1dad4c0a4d3aeeddüDavid KaltschmidtüDirector of UX, Grafana Labs
4eccbf68c65585f1d2dc829f99785265üBowei DuüStaff Software Engineer, Google
4eccbf68c65585f1d2dc829f99785265üLaurent BernailleüStaff Engineer, Datadog
60817f5d389f543ce6573b3022c494a4üEran YanayüTeam Lead, Twistlock
db7b4ff3e205707eb107362e18e60d19üDaniel FeldmanüSoftware Engineer, Scytale
db7b4ff3e205707eb107362e18e60d19üTyler JulianüSecurity Engineer, Uber
baf0c69570a40a6ea3f67b9d00db5af2üAlex GliksonüSenior Cloud Research Architect, Carnegie Mellon University
879ba9ef0a5bad7a83b31c75eb854be5üMatt TurnerüCTO, Native Wave
